INFO:root:Nieznana nazwa: ilosc bramek 3.5_+
INFO:root:Nieznana nazwa: ilosc bramek 3.5_+
INFO:root:Nieznana nazwa: ilosc bramek 3.5_+
INFO:root:Nieznana nazwa: ilosc bramek 3.5_+
INFO:root:Nieznana nazwa: ilosc bramek 3.5_+
INFO:root:Nieznana nazwa: ilosc bramek 3.5_+
INFO:root:Nieznana nazwa: ilosc bramek 3.5_+
INFO:root:Nieznana nazwa: ilosc bramek 3.5_+
INFO:root:Nieznana nazwa: ilosc bramek 3.5_+
INFO:root:Nieznana nazwa: ilosc bramek 3.5_+
INFO:root:Nieznana nazwa: ilosc bramek 3.5_+
INFO:root:Nieznana nazwa: ilosc bramek 3.5_+
INFO:root:Nieznana nazwa: ilosc bramek 3.5_+
INFO:root:Nieznana nazwa: ilosc bramek 3.5_+
INFO:root:Nieznana nazwa: ilosc bramek 3.5_+
INFO:root:Nieznana nazwa: ilosc bramek 3.5_+
INFO:root:Nieznana nazwa: ilosc bramek 3.5_+
INFO:root:Nieznana nazwa: ilosc bramek 3.5_+
INFO:root:Nieznana nazwa: ilosc bramek 3.5_+
INFO:root:Nieznana nazwa: ilosc bramek 3.5_+
INFO:root:Nieznana nazwa: ilosc bramek 3.5_+
INFO:root:Nieznana nazwa: ilosc bramek 3.5_+
INFO:root:Nieznana nazwa: ilosc bramek 3.5_+
INFO:root:Nieznana nazwa: ilosc bramek 3.5_+
INFO:root:Nieznana nazwa: ilosc bramek 3.5_+
INFO:root:Nieznana nazwa: ilosc bramek 3.5_+
INFO:root:Nieznana nazwa: ilosc bramek 3.5_+
INFO:root:Nieznana nazwa: ilosc bramek 3.5_+
INFO:root:Nieznana nazwa: ilosc bramek 3.5_+
INFO:root:Nieznana nazwa: ilosc bramek 3.5_+
INFO:root:Nieznana nazwa: ilosc bramek 3.5_+
INFO:root:Nieznana nazwa: ilosc bramek 3.5_+
INFO:root:Nieznana nazwa: ilosc bramek 3.5_+
INFO:root:Nieznana nazwa: ilosc bramek 3.5_+
INFO:root:Nieznana nazwa: ilosc bramek 3.5_+
INFO:root:Nieznana nazwa: ilosc bramek 3.5_+
INFO:root:Nieznana nazwa: ilosc bramek 3.5_+
INFO:root:Nieznana nazwa: ilosc bramek 3.5_+
INFO:root:Nieznana nazwa: ilosc bramek 3.5_+
INFO:root:Nieznana nazwa: ilosc bramek 3.5_+
INFO:root:Nieznana nazwa: ilosc bramek 3.5_+
INFO:root:Nieznana nazwa: ilosc bramek 3.5_+
INFO:root:Nieznana nazwa: ilosc bramek 3.5_+
INFO:root:Nieznana nazwa: ilosc bramek 3.5_+
INFO:root:Nieznana nazwa: ilosc bramek 3.5_+
INFO:root:Nieznana nazwa: ilosc bramek 3.5_+
INFO:root:Nieznana nazwa: ilosc bramek 3.5_+
INFO:root:Nieznana nazwa: ilosc bramek 3.5_+
INFO:root:Nieznana nazwa: ilosc bramek 3.5_+
INFO:root:Nieznana nazwa: ilosc bramek 3.5_+
INFO:root:Nieznana nazwa: ilosc bramek 3.5_+
INFO:root:Nieznana nazwa: ilosc bramek 3.5_+
INFO:root:Nieznana nazwa: ilosc bramek 3.5_+
INFO:root:Nieznana nazwa: liczba goli 3.5_+
INFO:root:Nieznana nazwa: spotkanie/liczba goli_1/+1.5
INFO:root:Nieznana nazwa: 1.połowa/spotkanie_1/1
INFO:root:Nieznana nazwa: liczba goli 3.5_+
INFO:root:Nieznana nazwa: spotkanie/liczba goli_1/+1.5
INFO:root:Nieznana nazwa: 1.połowa/spotkanie_1/1
INFO:root:Nieznana nazwa: liczba goli 3.5_+
INFO:root:Nieznana nazwa: spotkanie/liczba goli_1/+1.5
INFO:root:Nieznana nazwa: 1.połowa/spotkanie_1/1
INFO:root:Nieznana nazwa: liczba goli 3.5_+
INFO:root:Nieznana nazwa: spotkanie/liczba goli_1/+1.5
INFO:root:Nieznana nazwa: 1.połowa/spotkanie_1/1
INFO:root:Nieznana nazwa: liczba goli 3.5_+
INFO:root:Nieznana nazwa: spotkanie/liczba goli_1/+1.5
INFO:root:Nieznana nazwa: 1.połowa/spotkanie_1/1
INFO:root:Nieznana nazwa: liczba goli 3.5_+
INFO:root:Nieznana nazwa: spotkanie/liczba goli_1/+1.5
INFO:root:Nieznana nazwa: 1.połowa/spotkanie_1/1
INFO:root:Nieznana nazwa: liczba goli 3.5_+
INFO:root:Nieznana nazwa: spotkanie/liczba goli_1/+1.5
INFO:root:Nieznana nazwa: 1.połowa/spotkanie_1/1
INFO:root:Nieznana nazwa: liczba goli 3.5_+
INFO:root:Nieznana nazwa: spotkanie/liczba goli_1/+1.5
INFO:root:Nieznana nazwa: 1.połowa/spotkanie_1/1
INFO:root:Nieznana nazwa: liczba goli 3.5_+
INFO:root:Nieznana nazwa: spotkanie/liczba goli_1/+1.5
INFO:root:Nieznana nazwa: 1.połowa/spotkanie_1/1
INFO:root:Nieznana nazwa: liczba goli 3.5_+
INFO:root:Nieznana nazwa: spotkanie/liczba goli_1/+1.5
INFO:root:Nieznana nazwa: 1.połowa/spotkanie_1/1
INFO:root:Nieznana nazwa: liczba goli 3.5_+
INFO:root:Nieznana nazwa: spotkanie/liczba goli_1/+1.5
INFO:root:Nieznana nazwa: 1.połowa/spotkanie_1/1
INFO:root:Nieznana nazwa: liczba goli 3.5_+
INFO:root:Nieznana nazwa: spotkanie/liczba goli_1/+1.5
INFO:root:Nieznana nazwa: 1.połowa/spotkanie_1/1
INFO:root:Nieznana nazwa: liczba goli 3.5_+
INFO:root:Nieznana nazwa: spotkanie/liczba goli_1/+1.5
INFO:root:Nieznana nazwa: 1.połowa/spotkanie_1/1
INFO:root:Nieznana nazwa: liczba goli 3.5_+
INFO:root:Nieznana nazwa: spotkanie/liczba goli_1/+1.5
INFO:root:Nieznana nazwa: 1.połowa/spotkanie_1/1
INFO:root:Nieznana nazwa: liczba goli 3.5_+
INFO:root:Nieznana nazwa: spotkanie/liczba goli_1/+1.5
INFO:root:Nieznana nazwa: 1.połowa/spotkanie_1/1
INFO:root:Nieznana nazwa: liczba goli 3.5_+
INFO:root:Nieznana nazwa: spotkanie/liczba goli_1/+1.5
INFO:root:Nieznana nazwa: 1.połowa/spotkanie_1/1
INFO:root:Nieznana nazwa: liczba goli 3.5_+
INFO:root:Nieznana nazwa: spotkanie/liczba goli_1/+1.5
INFO:root:Nieznana nazwa: 1.połowa/spotkanie_1/1
INFO:root:Nieznana nazwa: liczba goli 3.5_+
INFO:root:Nieznana nazwa: spotkanie/liczba goli_1/+1.5
INFO:root:Nieznana nazwa: 1.połowa/spotkanie_1/1
INFO:root:Nieznana nazwa: liczba goli 3.5_+
INFO:root:Nieznana nazwa: spotkanie/liczba goli_1/+1.5
INFO:root:Nieznana nazwa: 1.połowa/spotkanie_1/1
INFO:root:Nieznana nazwa: liczba goli 3.5_+
INFO:root:Nieznana nazwa: spotkanie/liczba goli_1/+1.5
INFO:root:Nieznana nazwa: 1.połowa/spotkanie_1/1
INFO:root:Nieznana nazwa: liczba goli 3.5_+
INFO:root:Nieznana nazwa: spotkanie/liczba goli_1/+1.5
INFO:root:Nieznana nazwa: 1.połowa/spotkanie_1/1
INFO:root:Nieznana nazwa: liczba goli 3.5_+
INFO:root:Nieznana nazwa: spotkanie/liczba goli_1/+1.5
INFO:root:Nieznana nazwa: 1.połowa/spotkanie_1/1
INFO:root:Nieznana nazwa: liczba goli 3.5_+
INFO:root:Nieznana nazwa: spotkanie/liczba goli_1/+1.5
INFO:root:Nieznana nazwa: 1.połowa/spotkanie_1/1
INFO:root:Nieznana nazwa: liczba goli 3.5_+
INFO:root:Nieznana nazwa: spotkanie/liczba goli_1/+1.5
INFO:root:Nieznana nazwa: 1.połowa/spotkanie_1/1
INFO:root:Nieznana nazwa: liczba goli 3.5_+
INFO:root:Nieznana nazwa: spotkanie/liczba goli_1/+1.5
INFO:root:Nieznana nazwa: 1.połowa/spotkanie_1/1
INFO:root:Nieznana nazwa: liczba goli 3.5_+
INFO:root:Nieznana nazwa: spotkanie/liczba goli_1/+1.5
INFO:root:Nieznana nazwa: 1.połowa/spotkanie_1/1
INFO:root:Nieznana nazwa: liczba goli 3.5_+
INFO:root:Nieznana nazwa: spotkanie/liczba goli_1/+1.5
INFO:root:Nieznana nazwa: 1.połowa/spotkanie_1/1
INFO:root:Nieznana nazwa: liczba goli 3.5_+
INFO:root:Nieznana nazwa: spotkanie/liczba goli_1/+1.5
INFO:root:Nieznana nazwa: 1.połowa/spotkanie_1/1
INFO:root:Nieznana nazwa: liczba goli 3.5_+
INFO:root:Nieznana nazwa: spotkanie/liczba goli_1/+1.5
INFO:root:Nieznana nazwa: 1.połowa/spotkanie_1/1
INFO:root:Nieznana nazwa: liczba goli 3.5_+
INFO:root:Nieznana nazwa: spotkanie/liczba goli_1/+1.5
INFO:root:Nieznana nazwa: 1.połowa/spotkanie_1/1
INFO:root:Nieznana nazwa: liczba goli 3.5_+
INFO:root:Nieznana nazwa: spotkanie/liczba goli_1/+1.5
INFO:root:Nieznana nazwa: 1.połowa/spotkanie_1/1
INFO:root:Nieznana nazwa: liczba goli 3.5_+
INFO:root:Nieznana nazwa: spotkanie/liczba goli_1/+1.5
INFO:root:Nieznana nazwa: 1.połowa/spotkanie_1/1
INFO:root:Nieznana nazwa: liczba goli 3.5_+
INFO:root:Nieznana nazwa: spotkanie/liczba goli_1/+1.5
INFO:root:Nieznana nazwa: 1.połowa/spotkanie_1/1
INFO:root:Nieznana nazwa: liczba goli 3.5_+
INFO:root:Nieznana nazwa: spotkanie/liczba goli_1/+1.5
INFO:root:Nieznana nazwa: 1.połowa/spotkanie_1/1
INFO:root:Nieznana nazwa: liczba goli 3.5_+
INFO:root:Nieznana nazwa: spotkanie/liczba goli_1/+1.5
INFO:root:Nieznana nazwa: 1.połowa/spotkanie_1/1
INFO:root:Nieznana nazwa: liczba goli 3.5_+
INFO:root:Nieznana nazwa: spotkanie/liczba goli_1/+1.5
INFO:root:Nieznana nazwa: 1.połowa/spotkanie_1/1
INFO:root:Nieznana nazwa: liczba goli 3.5_+
INFO:root:Nieznana nazwa: spotkanie/liczba goli_1/+1.5
INFO:root:Nieznana nazwa: 1.połowa/spotkanie_1/1
INFO:root:Nieznana nazwa: liczba goli 3.5_+
INFO:root:Nieznana nazwa: spotkanie/liczba goli_1/+1.5
INFO:root:Nieznana nazwa: 1.połowa/spotkanie_1/1
INFO:root:Nieznana nazwa: liczba goli 3.5_+
INFO:root:Nieznana nazwa: spotkanie/liczba goli_1/+1.5
INFO:root:Nieznana nazwa: 1.połowa/spotkanie_1/1
INFO:root:Nieznana nazwa: liczba goli 3.5_+
INFO:root:Nieznana nazwa: spotkanie/liczba goli_1/+1.5
INFO:root:Nieznana nazwa: 1.połowa/spotkanie_1/1
INFO:root:Nieznana nazwa: liczba goli 3.5_+
INFO:root:Nieznana nazwa: spotkanie/liczba goli_1/+1.5
INFO:root:Nieznana nazwa: 1.połowa/spotkanie_1/1
INFO:root:Nieznana nazwa: liczba goli 3.5_+
INFO:root:Nieznana nazwa: spotkanie/liczba goli_1/+1.5
INFO:root:Nieznana nazwa: 1.połowa/spotkanie_1/1
INFO:root:Nieznana nazwa: liczba goli 3.5_+
INFO:root:Nieznana nazwa: spotkanie/liczba goli_1/+1.5
INFO:root:Nieznana nazwa: 1.połowa/spotkanie_1/1
INFO:root:Nieznana nazwa: liczba goli 3.5_+
INFO:root:Nieznana nazwa: spotkanie/liczba goli_1/+1.5
INFO:root:Nieznana nazwa: 1.połowa/spotkanie_1/1
INFO:root:Nieznana nazwa: liczba goli 3.5_+
INFO:root:Nieznana nazwa: spotkanie/liczba goli_1/+1.5
INFO:root:Nieznana nazwa: 1.połowa/spotkanie_1/1
INFO:root:Nieznana nazwa: liczba goli 3.5_+
INFO:root:Nieznana nazwa: spotkanie/liczba goli_1/+1.5
INFO:root:Nieznana nazwa: 1.połowa/spotkanie_1/1
INFO:root:Nieznana nazwa: liczba goli 3.5_+
INFO:root:Nieznana nazwa: spotkanie/liczba goli_1/+1.5
INFO:root:Nieznana nazwa: 1.połowa/spotkanie_1/1
INFO:root:Nieznana nazwa: liczba goli 3.5_+
INFO:root:Nieznana nazwa: spotkanie/liczba goli_1/+1.5
INFO:root:Nieznana nazwa: 1.połowa/spotkanie_1/1
INFO:root:Nieznana nazwa: liczba goli 3.5_+
INFO:root:Nieznana nazwa: spotkanie/liczba goli_1/+1.5
INFO:root:Nieznana nazwa: 1.połowa/spotkanie_1/1
INFO:root:Nieznana nazwa: liczba goli 3.5_+
INFO:root:Nieznana nazwa: spotkanie/liczba goli_1/+1.5
INFO:root:Nieznana nazwa: 1.połowa/spotkanie_1/1
INFO:root:Nieznana nazwa: liczba goli 3.5_+
INFO:root:Nieznana nazwa: spotkanie/liczba goli_1/+1.5
INFO:root:Nieznana nazwa: 1.połowa/spotkanie_1/1
INFO:root:Nieznana nazwa: liczba goli 3.5_+
INFO:root:Nieznana nazwa: spotkanie/liczba goli_1/+1.5
INFO:root:Nieznana nazwa: 1.połowa/spotkanie_1/1
INFO:root:Nieznana nazwa: liczba goli 3.5_+
INFO:root:Nieznana nazwa: spotkanie/liczba goli_1/+1.5
INFO:root:Nieznana nazwa: 1.połowa/spotkanie_1/1
INFO:root:Nieznana nazwa: liczba goli 3.5_+
INFO:root:Nieznana nazwa: spotkanie/liczba goli_1/+1.5
INFO:root:Nieznana nazwa: 1.połowa/spotkanie_1/1
INFO:root:Nieznana nazwa: liczba goli 3.5_+
INFO:root:Nieznana nazwa: spotkanie/liczba goli_1/+1.5
INFO:root:Nieznana nazwa: 1.połowa/spotkanie_1/1
INFO:root:Nieznana nazwa: liczba goli 3.5_+
INFO:root:Nieznana nazwa: spotkanie/liczba goli_1/+1.5
INFO:root:Nieznana nazwa: 1.połowa/spotkanie_1/1
INFO:root:Nieznana nazwa: liczba goli 3.5_+
INFO:root:Nieznana nazwa: spotkanie/liczba goli_1/+1.5
INFO:root:Nieznana nazwa: 1.połowa/spotkanie_1/1
INFO:root:Nieznana nazwa: liczba goli 3.5_+
INFO:root:Nieznana nazwa: spotkanie/liczba goli_1/+1.5
INFO:root:Nieznana nazwa: 1.połowa/spotkanie_1/1
INFO:root:Nieznana nazwa: liczba goli 3.5_+
INFO:root:Nieznana nazwa: spotkanie/liczba goli_1/+1.5
INFO:root:Nieznana nazwa: 1.połowa/spotkanie_1/1
INFO:root:Nieznana nazwa: liczba goli 3.5_+
INFO:root:Nieznana nazwa: spotkanie/liczba goli_1/+1.5
INFO:root:Nieznana nazwa: 1.połowa/spotkanie_1/1
INFO:root:Nieznana nazwa: liczba goli 3.5_+
INFO:root:Nieznana nazwa: spotkanie/liczba goli_1/+1.5
INFO:root:Nieznana nazwa: 1.połowa/spotkanie_1/1
INFO:root:Nieznana nazwa: liczba goli 3.5_+
INFO:root:Nieznana nazwa: spotkanie/liczba goli_1/+1.5
INFO:root:Nieznana nazwa: 1.połowa/spotkanie_1/1
INFO:root:Nieznana nazwa: liczba goli 3.5_+
INFO:root:Nieznana nazwa: spotkanie/liczba goli_1/+1.5
INFO:root:Nieznana nazwa: 1.połowa/spotkanie_1/1
INFO:root:Nieznana nazwa: liczba goli 3.5_+
INFO:root:Nieznana nazwa: spotkanie/liczba goli_1/+1.5
INFO:root:Nieznana nazwa: 1.połowa/spotkanie_1/1
INFO:root:Nieznana nazwa: liczba goli 3.5_+
INFO:root:Nieznana nazwa: spotkanie/liczba goli_1/+1.5
INFO:root:Nieznana nazwa: 1.połowa/spotkanie_1/1
INFO:root:Nieznana nazwa: liczba goli 3.5_+
INFO:root:Nieznana nazwa: spotkanie/liczba goli_1/+1.5
INFO:root:Nieznana nazwa: 1.połowa/spotkanie_1/1
INFO:root:Nieznana nazwa: liczba goli 3.5_+
INFO:root:Nieznana nazwa: spotkanie/liczba goli_1/+1.5
INFO:root:Nieznana nazwa: 1.połowa/spotkanie_1/1
INFO:root:Nieznana nazwa: liczba goli 3.5_+
INFO:root:Nieznana nazwa: spotkanie/liczba goli_1/+1.5
INFO:root:Nieznana nazwa: 1.połowa/spotkanie_1/1
INFO:root:Nieznana nazwa: liczba goli 3.5_+
INFO:root:Nieznana nazwa: spotkanie/liczba goli_1/+1.5
INFO:root:Nieznana nazwa: 1.połowa/spotkanie_1/1
INFO:root:Nieznana nazwa: liczba goli 3.5_+
INFO:root:Nieznana nazwa: spotkanie/liczba goli_1/+1.5
INFO:root:Nieznana nazwa: 1.połowa/spotkanie_1/1
INFO:root:Nieznana nazwa: liczba goli 3.5_+
INFO:root:Nieznana nazwa: spotkanie/liczba goli_1/+1.5
INFO:root:Nieznana nazwa: 1.połowa/spotkanie_1/1
INFO:root:Nieznana nazwa: liczba goli 3.5_+
INFO:root:Nieznana nazwa: spotkanie/liczba goli_1/+1.5
INFO:root:Nieznana nazwa: 1.połowa/spotkanie_1/1
INFO:root:Nieznana nazwa: liczba goli 3.5_+
INFO:root:Nieznana nazwa: spotkanie/liczba goli_1/+1.5
INFO:root:Nieznana nazwa: 1.połowa/spotkanie_1/1
INFO:root:Nieznana nazwa: liczba goli 3.5_+
INFO:root:Nieznana nazwa: spotkanie/liczba goli_1/+1.5
INFO:root:Nieznana nazwa: 1.połowa/spotkanie_1/1
INFO:root:Nieznana nazwa: liczba goli 3.5_+
INFO:root:Nieznana nazwa: spotkanie/liczba goli_1/+1.5
INFO:root:Nieznana nazwa: 1.połowa/spotkanie_1/1
INFO:root:Nieznana nazwa: liczba goli 3.5_+
INFO:root:Nieznana nazwa: spotkanie/liczba goli_1/+1.5
INFO:root:Nieznana nazwa: 1.połowa/spotkanie_1/1
INFO:root:Nieznana nazwa: liczba goli 3.5_+
INFO:root:Nieznana nazwa: spotkanie/liczba goli_1/+1.5
INFO:root:Nieznana nazwa: 1.połowa/spotkanie_1/1
INFO:root:Nieznana nazwa: liczba goli 3.5_+
INFO:root:Nieznana nazwa: spotkanie/liczba goli_1/+1.5
INFO:root:Nieznana nazwa: 1.połowa/spotkanie_1/1
INFO:root:Nieznana nazwa: liczba goli 3.5_+
INFO:root:Nieznana nazwa: spotkanie/liczba goli_1/+1.5
INFO:root:Nieznana nazwa: 1.połowa/spotkanie_1/1
INFO:root:Nieznana nazwa: liczba goli 3.5_+
INFO:root:Nieznana nazwa: spotkanie/liczba goli_1/+1.5
INFO:root:Nieznana nazwa: 1.połowa/spotkanie_1/1
INFO:root:Nieznana nazwa: liczba goli 3.5_+
INFO:root:Nieznana nazwa: spotkanie/liczba goli_1/+1.5
INFO:root:Nieznana nazwa: 1.połowa/spotkanie_1/1
INFO:root:Nieznana nazwa: liczba goli 3.5_+
INFO:root:Nieznana nazwa: spotkanie/liczba goli_1/+1.5
INFO:root:Nieznana nazwa: 1.połowa/spotkanie_1/1
INFO:root:Nieznana nazwa: liczba goli 3.5_+
INFO:root:Nieznana nazwa: spotkanie/liczba goli_1/+1.5
INFO:root:Nieznana nazwa: 1.połowa/spotkanie_1/1
INFO:root:Nieznana nazwa: liczba goli 3.5_+
INFO:root:Nieznana nazwa: spotkanie/liczba goli_1/+1.5
INFO:root:Nieznana nazwa: 1.połowa/spotkanie_1/1
INFO:root:Nieznana nazwa: liczba goli 3.5_+
INFO:root:Nieznana nazwa: spotkanie/liczba goli_1/+1.5
INFO:root:Nieznana nazwa: 1.połowa/spotkanie_1/1
INFO:root:Nieznana nazwa: liczba goli 3.5_+
INFO:root:Nieznana nazwa: spotkanie/liczba goli_1/+1.5
INFO:root:Nieznana nazwa: 1.połowa/spotkanie_1/1
INFO:root:Nieznana nazwa: liczba goli 3.5_+
INFO:root:Nieznana nazwa: spotkanie/liczba goli_1/+1.5
INFO:root:Nieznana nazwa: 1.połowa/spotkanie_1/1
INFO:root:Nieznana nazwa: liczba goli 3.5_+
INFO:root:Nieznana nazwa: spotkanie/liczba goli_1/+1.5
INFO:root:Nieznana nazwa: 1.połowa/spotkanie_1/1
INFO:root:Nieznana nazwa: liczba goli 3.5_+
INFO:root:Nieznana nazwa: spotkanie/liczba goli_1/+1.5
INFO:root:Nieznana nazwa: 1.połowa/spotkanie_1/1
INFO:root:Nieznana nazwa: liczba goli 3.5_+
INFO:root:Nieznana nazwa: spotkanie/liczba goli_1/+1.5
INFO:root:Nieznana nazwa: 1.połowa/spotkanie_1/1
INFO:root:Nieznana nazwa: liczba goli 3.5_+
INFO:root:Nieznana nazwa: spotkanie/liczba goli_1/+1.5
INFO:root:Nieznana nazwa: 1.połowa/spotkanie_1/1
INFO:root:Nieznana nazwa: liczba goli 3.5_+
INFO:root:Nieznana nazwa: spotkanie/liczba goli_1/+1.5
INFO:root:Nieznana nazwa: 1.połowa/spotkanie_1/1
INFO:root:Nieznana nazwa: liczba goli 3.5_+
INFO:root:Nieznana nazwa: spotkanie/liczba goli_1/+1.5
INFO:root:Nieznana nazwa: 1.połowa/spotkanie_1/1
INFO:root:Nieznana nazwa: liczba goli 3.5_+
INFO:root:Nieznana nazwa: spotkanie/liczba goli_1/+1.5
INFO:root:Nieznana nazwa: 1.połowa/spotkanie_1/1
INFO:root:Nieznana nazwa: liczba goli 3.5_+
INFO:root:Nieznana nazwa: spotkanie/liczba goli_1/+1.5
INFO:root:Nieznana nazwa: 1.połowa/spotkanie_1/1
INFO:root:Nieznana nazwa: liczba goli 3.5_+
INFO:root:Nieznana nazwa: spotkanie/liczba goli_1/+1.5
INFO:root:Nieznana nazwa: 1.połowa/spotkanie_1/1
INFO:root:Nieznana nazwa: liczba goli 3.5_+
INFO:root:Nieznana nazwa: spotkanie/liczba goli_1/+1.5
INFO:root:Nieznana nazwa: 1.połowa/spotkanie_1/1
INFO:root:Nieznana nazwa: liczba goli 3.5_+
INFO:root:Nieznana nazwa: spotkanie/liczba goli_1/+1.5
INFO:root:Nieznana nazwa: 1.połowa/spotkanie_1/1
INFO:root:Nieznana nazwa: liczba goli 3.5_+
INFO:root:Nieznana nazwa: spotkanie/liczba goli_1/+1.5
INFO:root:Nieznana nazwa: 1.połowa/spotkanie_1/1
INFO:root:Nieznana nazwa: liczba goli 3.5_+
INFO:root:Nieznana nazwa: spotkanie/liczba goli_1/+1.5
INFO:root:Nieznana nazwa: 1.połowa/spotkanie_1/1
INFO:root:Nieznana nazwa: liczba goli 3.5_+
INFO:root:Nieznana nazwa: spotkanie/liczba goli_1/+1.5
INFO:root:Nieznana nazwa: 1.połowa/spotkanie_1/1
INFO:root:Nieznana nazwa: liczba goli 3.5_+
INFO:root:Nieznana nazwa: spotkanie/liczba goli_1/+1.5
INFO:root:Nieznana nazwa: 1.połowa/spotkanie_1/1
INFO:root:Nieznana nazwa: liczba goli 3.5_+
INFO:root:Nieznana nazwa: spotkanie/liczba goli_1/+1.5
INFO:root:Nieznana nazwa: 1.połowa/spotkanie_1/1
INFO:root:Nieznana nazwa: liczba goli 3.5_+
INFO:root:Nieznana nazwa: spotkanie/liczba goli_1/+1.5
INFO:root:Nieznana nazwa: 1.połowa/spotkanie_1/1
INFO:root:Nieznana nazwa: liczba goli 3.5_+
INFO:root:Nieznana nazwa: spotkanie/liczba goli_1/+1.5
INFO:root:Nieznana nazwa: 1.połowa/spotkanie_1/1
INFO:root:Nieznana nazwa: liczba goli 3.5_+
INFO:root:Nieznana nazwa: spotkanie/liczba goli_1/+1.5
INFO:root:Nieznana nazwa: 1.połowa/spotkanie_1/1
INFO:root:Nieznana nazwa: liczba goli 3.5_+
INFO:root:Nieznana nazwa: spotkanie/liczba goli_1/+1.5
INFO:root:Nieznana nazwa: 1.połowa/spotkanie_1/1
INFO:root:Nieznana nazwa: liczba goli 3.5_+
INFO:root:Nieznana nazwa: spotkanie/liczba goli_1/+1.5
INFO:root:Nieznana nazwa: 1.połowa/spotkanie_1/1
INFO:root:Nieznana nazwa: liczba goli 3.5_+
INFO:root:Nieznana nazwa: spotkanie/liczba goli_1/+1.5
INFO:root:Nieznana nazwa: 1.połowa/spotkanie_1/1
INFO:root:Nieznana nazwa: liczba goli 3.5_+
INFO:root:Nieznana nazwa: spotkanie/liczba goli_1/+1.5
INFO:root:Nieznana nazwa: 1.połowa/spotkanie_1/1
INFO:root:Nieznana nazwa: liczba goli 3.5_+
INFO:root:Nieznana nazwa: spotkanie/liczba goli_1/+1.5
INFO:root:Nieznana nazwa: 1.połowa/spotkanie_1/1
INFO:root:Nieznana nazwa: liczba goli 3.5_+
INFO:root:Nieznana nazwa: spotkanie/liczba goli_1/+1.5
INFO:root:Nieznana nazwa: 1.połowa/spotkanie_1/1
INFO:root:Nieznana nazwa: liczba goli 3.5_+
INFO:root:Nieznana nazwa: spotkanie/liczba goli_1/+1.5
INFO:root:Nieznana nazwa: 1.połowa/spotkanie_1/1
INFO:root:Nieznana nazwa: liczba goli 3.5_+
INFO:root:Nieznana nazwa: spotkanie/liczba goli_1/+1.5
INFO:root:Nieznana nazwa: 1.połowa/spotkanie_1/1
INFO:root:Nieznana nazwa: liczba goli 3.5_+
INFO:root:Nieznana nazwa: spotkanie/liczba goli_1/+1.5
INFO:root:Nieznana nazwa: 1.połowa/spotkanie_1/1
INFO:root:Nieznana nazwa: liczba goli 3.5_+
INFO:root:Nieznana nazwa: spotkanie/liczba goli_1/+1.5
INFO:root:Nieznana nazwa: 1.połowa/spotkanie_1/1
INFO:root:Nieznana nazwa: liczba goli 3.5_+
INFO:root:Nieznana nazwa: spotkanie/liczba goli_1/+1.5
INFO:root:Nieznana nazwa: 1.połowa/spotkanie_1/1
INFO:root:Nieznana nazwa: liczba goli 3.5_+
INFO:root:Nieznana nazwa: spotkanie/liczba goli_1/+1.5
INFO:root:Nieznana nazwa: 1.połowa/spotkanie_1/1
INFO:root:Nieznana nazwa: liczba goli 3.5_+
INFO:root:Nieznana nazwa: spotkanie/liczba goli_1/+1.5
INFO:root:Nieznana nazwa: 1.połowa/spotkanie_1/1
INFO:root:Nieznana nazwa: liczba goli 3.5_+
INFO:root:Nieznana nazwa: spotkanie/liczba goli_1/+1.5
INFO:root:Nieznana nazwa: 1.połowa/spotkanie_1/1
INFO:root:Nieznana nazwa: liczba goli 3.5_+
INFO:root:Nieznana nazwa: spotkanie/liczba goli_1/+1.5
INFO:root:Nieznana nazwa: 1.połowa/spotkanie_1/1
INFO:root:Nieznana nazwa: liczba goli 3.5_+
INFO:root:Nieznana nazwa: spotkanie/liczba goli_1/+1.5
INFO:root:Nieznana nazwa: 1.połowa/spotkanie_1/1
INFO:root:Nieznana nazwa: liczba goli 3.5_+
INFO:root:Nieznana nazwa: spotkanie/liczba goli_1/+1.5
INFO:root:Nieznana nazwa: 1.połowa/spotkanie_1/1
INFO:root:Nieznana nazwa: liczba goli 3.5_+
INFO:root:Nieznana nazwa: spotkanie/liczba goli_1/+1.5
INFO:root:Nieznana nazwa: 1.połowa/spotkanie_1/1
INFO:root:Nieznana nazwa: liczba goli 3.5_+
INFO:root:Nieznana nazwa: spotkanie/liczba goli_1/+1.5
INFO:root:Nieznana nazwa: 1.połowa/spotkanie_1/1
INFO:root:Nieznana nazwa: liczba goli 3.5_+
INFO:root:Nieznana nazwa: spotkanie/liczba goli_1/+1.5
INFO:root:Nieznana nazwa: 1.połowa/spotkanie_1/1
INFO:root:Nieznana nazwa: liczba goli 3.5_+
INFO:root:Nieznana nazwa: spotkanie/liczba goli_1/+1.5
INFO:root:Nieznana nazwa: 1.połowa/spotkanie_1/1
INFO:root:Nieznana nazwa: liczba goli 3.5_+
INFO:root:Nieznana nazwa: spotkanie/liczba goli_1/+1.5
INFO:root:Nieznana nazwa: 1.połowa/spotkanie_1/1
INFO:root:Nieznana nazwa: liczba goli 3.5_+
INFO:root:Nieznana nazwa: spotkanie/liczba goli_1/+1.5
INFO:root:Nieznana nazwa: 1.połowa/spotkanie_1/1
INFO:root:Nieznana nazwa: liczba goli 3.5_+
INFO:root:Nieznana nazwa: spotkanie/liczba goli_1/+1.5
INFO:root:Nieznana nazwa: 1.połowa/spotkanie_1/1
INFO:root:Nieznana nazwa: liczba goli 3.5_+
INFO:root:Nieznana nazwa: spotkanie/liczba goli_1/+1.5
INFO:root:Nieznana nazwa: 1.połowa/spotkanie_1/1
INFO:root:Nieznana nazwa: liczba goli 3.5_+
INFO:root:Nieznana nazwa: spotkanie/liczba goli_1/+1.5
INFO:root:Nieznana nazwa: 1.połowa/spotkanie_1/1
INFO:root:Nieznana nazwa: liczba goli 3.5_+
INFO:root:Nieznana nazwa: spotkanie/liczba goli_1/+1.5
INFO:root:Nieznana nazwa: 1.połowa/spotkanie_1/1
INFO:root:Nieznana nazwa: liczba goli 3.5_+
INFO:root:Nieznana nazwa: spotkanie/liczba goli_1/+1.5
INFO:root:Nieznana nazwa: 1.połowa/spotkanie_1/1
INFO:root:Nieznana nazwa: liczba goli 3.5_+
INFO:root:Nieznana nazwa: spotkanie/liczba goli_1/+1.5
INFO:root:Nieznana nazwa: 1.połowa/spotkanie_1/1
INFO:root:Nieznana nazwa: liczba goli 3.5_+
INFO:root:Nieznana nazwa: spotkanie/liczba goli_1/+1.5
INFO:root:Nieznana nazwa: 1.połowa/spotkanie_1/1
INFO:root:Nieznana nazwa: liczba goli 3.5_+
INFO:root:Nieznana nazwa: spotkanie/liczba goli_1/+1.5
INFO:root:Nieznana nazwa: 1.połowa/spotkanie_1/1
INFO:root:Nieznana nazwa: liczba goli 3.5_+
INFO:root:Nieznana nazwa: spotkanie/liczba goli_1/+1.5
INFO:root:Nieznana nazwa: 1.połowa/spotkanie_1/1
INFO:root:Nieznana nazwa: liczba goli 3.5_+
INFO:root:Nieznana nazwa: spotkanie/liczba goli_1/+1.5
INFO:root:Nieznana nazwa: 1.połowa/spotkanie_1/1
INFO:root:Nieznana nazwa: liczba goli 3.5_+
INFO:root:Nieznana nazwa: spotkanie/liczba goli_1/+1.5
INFO:root:Nieznana nazwa: 1.połowa/spotkanie_1/1
INFO:root:Nieznana nazwa: liczba goli 3.5_+
INFO:root:Nieznana nazwa: spotkanie/liczba goli_1/+1.5
INFO:root:Nieznana nazwa: 1.połowa/spotkanie_1/1
INFO:root:Nieznana nazwa: liczba goli 3.5_+
INFO:root:Nieznana nazwa: spotkanie/liczba goli_1/+1.5
INFO:root:Nieznana nazwa: 1.połowa/spotkanie_1/1
INFO:root:Nieznana nazwa: liczba goli 3.5_+
INFO:root:Nieznana nazwa: spotkanie/liczba goli_1/+1.5
INFO:root:Nieznana nazwa: 1.połowa/spotkanie_1/1
INFO:root:Nieznana nazwa: liczba goli 3.5_+
INFO:root:Nieznana nazwa: spotkanie/liczba goli_1/+1.5
INFO:root:Nieznana nazwa: 1.połowa/spotkanie_1/1
INFO:root:Nieznana nazwa: liczba goli 3.5_+
INFO:root:Nieznana nazwa: spotkanie/liczba goli_1/+1.5
INFO:root:Nieznana nazwa: 1.połowa/spotkanie_1/1
INFO:root:Nieznana nazwa: liczba goli 3.5_+
INFO:root:Nieznana nazwa: spotkanie/liczba goli_1/+1.5
INFO:root:Nieznana nazwa: 1.połowa/spotkanie_1/1
INFO:root:Nieznana nazwa: liczba goli 3.5_+
INFO:root:Nieznana nazwa: spotkanie/liczba goli_1/+1.5
INFO:root:Nieznana nazwa: 1.połowa/spotkanie_1/1
INFO:root:Nieznana nazwa: liczba goli 3.5_+
INFO:root:Nieznana nazwa: spotkanie/liczba goli_1/+1.5
INFO:root:Nieznana nazwa: 1.połowa/spotkanie_1/1
INFO:root:Nieznana nazwa: liczba goli 3.5_+
INFO:root:Nieznana nazwa: spotkanie/liczba goli_1/+1.5
INFO:root:Nieznana nazwa: 1.połowa/spotkanie_1/1
INFO:root:Nieznana nazwa: liczba goli 3.5_+
INFO:root:Nieznana nazwa: spotkanie/liczba goli_1/+1.5
INFO:root:Nieznana nazwa: 1.połowa/spotkanie_1/1
INFO:root:Nieznana nazwa: liczba goli 3.5_+
INFO:root:Nieznana nazwa: spotkanie/liczba goli_1/+1.5
INFO:root:Nieznana nazwa: 1.połowa/spotkanie_1/1
INFO:root:Nieznana nazwa: liczba goli 3.5_+
INFO:root:Nieznana nazwa: spotkanie/liczba goli_1/+1.5
INFO:root:Nieznana nazwa: 1.połowa/spotkanie_1/1
INFO:root:Nieznana nazwa: liczba goli 3.5_+
INFO:root:Nieznana nazwa: spotkanie/liczba goli_1/+1.5
INFO:root:Nieznana nazwa: 1.połowa/spotkanie_1/1
INFO:root:Nieznana nazwa: liczba goli 3.5_+
INFO:root:Nieznana nazwa: spotkanie/liczba goli_1/+1.5
INFO:root:Nieznana nazwa: 1.połowa/spotkanie_1/1
INFO:root:Nieznana nazwa: liczba goli 3.5_+
INFO:root:Nieznana nazwa: spotkanie/liczba goli_1/+1.5
INFO:root:Nieznana nazwa: 1.połowa/spotkanie_1/1
INFO:root:Nieznana nazwa: liczba goli 3.5_+
INFO:root:Nieznana nazwa: spotkanie/liczba goli_1/+1.5
INFO:root:Nieznana nazwa: 1.połowa/spotkanie_1/1
INFO:root:Nieznana nazwa: liczba goli 3.5_+
INFO:root:Nieznana nazwa: spotkanie/liczba goli_1/+1.5
INFO:root:Nieznana nazwa: 1.połowa/spotkanie_1/1
INFO:root:Nieznana nazwa: liczba goli 3.5_+
INFO:root:Nieznana nazwa: spotkanie/liczba goli_1/+1.5
INFO:root:Nieznana nazwa: 1.połowa/spotkanie_1/1
INFO:root:Nieznana nazwa: liczba goli 3.5_+
INFO:root:Nieznana nazwa: spotkanie/liczba goli_1/+1.5
INFO:root:Nieznana nazwa: 1.połowa/spotkanie_1/1
INFO:root:Nieznana nazwa: liczba goli 3.5_+
INFO:root:Nieznana nazwa: spotkanie/liczba goli_1/+1.5
INFO:root:Nieznana nazwa: 1.połowa/spotkanie_1/1
INFO:root:Nieznana nazwa: liczba goli 3.5_+
INFO:root:Nieznana nazwa: spotkanie/liczba goli_1/+1.5
INFO:root:Nieznana nazwa: 1.połowa/spotkanie_1/1
INFO:root:Nieznana nazwa: liczba goli 3.5_+
INFO:root:Nieznana nazwa: spotkanie/liczba goli_1/+1.5
INFO:root:Nieznana nazwa: 1.połowa/spotkanie_1/1
INFO:root:Nieznana nazwa: liczba goli 3.5_+
INFO:root:Nieznana nazwa: spotkanie/liczba goli_1/+1.5
INFO:root:Nieznana nazwa: 1.połowa/spotkanie_1/1
INFO:root:Nieznana nazwa: liczba goli 3.5_+
INFO:root:Nieznana nazwa: spotkanie/liczba goli_1/+1.5
INFO:root:Nieznana nazwa: 1.połowa/spotkanie_1/1
INFO:root:Nieznana nazwa: liczba goli 3.5_+
INFO:root:Nieznana nazwa: spotkanie/liczba goli_1/+1.5
INFO:root:Nieznana nazwa: 1.połowa/spotkanie_1/1
INFO:root:Nieznana nazwa: liczba goli 3.5_+
INFO:root:Nieznana nazwa: spotkanie/liczba goli_1/+1.5
INFO:root:Nieznana nazwa: 1.połowa/spotkanie_1/1
INFO:root:Nieznana nazwa: liczba goli 3.5_+
INFO:root:Nieznana nazwa: spotkanie/liczba goli_1/+1.5
INFO:root:Nieznana nazwa: 1.połowa/spotkanie_1/1
INFO:root:Nieznana nazwa: liczba goli 3.5_+
INFO:root:Nieznana nazwa: spotkanie/liczba goli_1/+1.5
INFO:root:Nieznana nazwa: 1.połowa/spotkanie_1/1
INFO:root:Nieznana nazwa: liczba goli 3.5_+
INFO:root:Nieznana nazwa: spotkanie/liczba goli_1/+1.5
INFO:root:Nieznana nazwa: 1.połowa/spotkanie_1/1
INFO:root:Nieznana nazwa: liczba goli 3.5_+
INFO:root:Nieznana nazwa: spotkanie/liczba goli_1/+1.5
INFO:root:Nieznana nazwa: 1.połowa/spotkanie_1/1
INFO:root:Nieznana nazwa: liczba goli 3.5_+
INFO:root:Nieznana nazwa: spotkanie/liczba goli_1/+1.5
INFO:root:Nieznana nazwa: 1.połowa/spotkanie_1/1
INFO:root:Nieznana nazwa: liczba goli 3.5_+
INFO:root:Nieznana nazwa: spotkanie/liczba goli_1/+1.5
INFO:root:Nieznana nazwa: 1.połowa/spotkanie_1/1
INFO:root:Nieznana nazwa: liczba goli 3.5_+
INFO:root:Nieznana nazwa: spotkanie/liczba goli_1/+1.5
INFO:root:Nieznana nazwa: 1.połowa/spotkanie_1/1
INFO:root:Nieznana nazwa: liczba goli 3.5_+
INFO:root:Nieznana nazwa: spotkanie/liczba goli_1/+1.5
INFO:root:Nieznana nazwa: 1.połowa/spotkanie_1/1
INFO:root:Nieznana nazwa: liczba goli 3.5_+
INFO:root:Nieznana nazwa: spotkanie/liczba goli_1/+1.5
INFO:root:Nieznana nazwa: 1.połowa/spotkanie_1/1
INFO:root:Nieznana nazwa: liczba goli 3.5_+
INFO:root:Nieznana nazwa: spotkanie/liczba goli_1/+1.5
INFO:root:Nieznana nazwa: 1.połowa/spotkanie_1/1
INFO:root:Nieznana nazwa: liczba goli 3.5_+
INFO:root:Nieznana nazwa: spotkanie/liczba goli_1/+1.5
INFO:root:Nieznana nazwa: 1.połowa/spotkanie_1/1
INFO:root:Nieznana nazwa: liczba goli 3.5_+
INFO:root:Nieznana nazwa: spotkanie/liczba goli_1/+1.5
INFO:root:Nieznana nazwa: 1.połowa/spotkanie_1/1
INFO:root:Nieznana nazwa: liczba goli 3.5_+
INFO:root:Nieznana nazwa: spotkanie/liczba goli_1/+1.5
INFO:root:Nieznana nazwa: 1.połowa/spotkanie_1/1
INFO:root:Nieznana nazwa: liczba goli 3.5_+
INFO:root:Nieznana nazwa: spotkanie/liczba goli_1/+1.5
INFO:root:Nieznana nazwa: 1.połowa/spotkanie_1/1
INFO:root:Nieznana nazwa: liczba goli 3.5_+
INFO:root:Nieznana nazwa: spotkanie/liczba goli_1/+1.5
INFO:root:Nieznana nazwa: 1.połowa/spotkanie_1/1
INFO:root:Nieznana nazwa: liczba goli 3.5_+
INFO:root:Nieznana nazwa: spotkanie/liczba goli_1/+1.5
INFO:root:Nieznana nazwa: 1.połowa/spotkanie_1/1
INFO:root:Nieznana nazwa: liczba goli 3.5_+
INFO:root:Nieznana nazwa: spotkanie/liczba goli_1/+1.5
INFO:root:Nieznana nazwa: 1.połowa/spotkanie_1/1
INFO:root:Nieznana nazwa: liczba goli 3.5_+
INFO:root:Nieznana nazwa: spotkanie/liczba goli_1/+1.5
INFO:root:Nieznana nazwa: 1.połowa/spotkanie_1/1
INFO:root:Nieznana nazwa: liczba goli 3.5_+
INFO:root:Nieznana nazwa: spotkanie/liczba goli_1/+1.5
INFO:root:Nieznana nazwa: 1.połowa/spotkanie_1/1
INFO:root:Nieznana nazwa: liczba goli 3.5_+
INFO:root:Nieznana nazwa: spotkanie/liczba goli_1/+1.5
INFO:root:Nieznana nazwa: 1.połowa/spotkanie_1/1
INFO:root:Nieznana nazwa: liczba goli 3.5_+
INFO:root:Nieznana nazwa: spotkanie/liczba goli_1/+1.5
INFO:root:Nieznana nazwa: 1.połowa/spotkanie_1/1
INFO:root:Nieznana nazwa: liczba goli 3.5_+
INFO:root:Nieznana nazwa: spotkanie/liczba goli_1/+1.5
INFO:root:Nieznana nazwa: 1.połowa/spotkanie_1/1
INFO:root:Nieznana nazwa: liczba goli 3.5_+
INFO:root:Nieznana nazwa: spotkanie/liczba goli_1/+1.5
INFO:root:Nieznana nazwa: 1.połowa/spotkanie_1/1
INFO:root:Nieznana nazwa: liczba goli 3.5_+
INFO:root:Nieznana nazwa: spotkanie/liczba goli_1/+1.5
INFO:root:Nieznana nazwa: 1.połowa/spotkanie_1/1
INFO:root:Nieznana nazwa: liczba goli 3.5_+
INFO:root:Nieznana nazwa: spotkanie/liczba goli_1/+1.5
INFO:root:Nieznana nazwa: 1.połowa/spotkanie_1/1
INFO:root:Nieznana nazwa: liczba goli 3.5_+
INFO:root:Nieznana nazwa: spotkanie/liczba goli_1/+1.5
INFO:root:Nieznana nazwa: 1.połowa/spotkanie_1/1
INFO:root:Nieznana nazwa: liczba goli 3.5_+
INFO:root:Nieznana nazwa: spotkanie/liczba goli_1/+1.5
INFO:root:Nieznana nazwa: 1.połowa/spotkanie_1/1
INFO:root:Nieznana nazwa: liczba goli 3.5_+
INFO:root:Nieznana nazwa: spotkanie/liczba goli_1/+1.5
INFO:root:Nieznana nazwa: 1.połowa/spotkanie_1/1
INFO:root:Nieznana nazwa: liczba goli 3.5_+
INFO:root:Nieznana nazwa: spotkanie/liczba goli_1/+1.5
INFO:root:Nieznana nazwa: 1.połowa/spotkanie_1/1
INFO:root:Nieznana nazwa: liczba goli 3.5_+
INFO:root:Nieznana nazwa: spotkanie/liczba goli_1/+1.5
INFO:root:Nieznana nazwa: 1.połowa/spotkanie_1/1
INFO:root:Nieznana nazwa: liczba goli 3.5_+
INFO:root:Nieznana nazwa: spotkanie/liczba goli_1/+1.5
INFO:root:Nieznana nazwa: 1.połowa/spotkanie_1/1
INFO:root:Nieznana nazwa: liczba goli 3.5_+
INFO:root:Nieznana nazwa: spotkanie/liczba goli_1/+1.5
INFO:root:Nieznana nazwa: 1.połowa/spotkanie_1/1
INFO:root:Nieznana nazwa: liczba goli 3.5_+
INFO:root:Nieznana nazwa: spotkanie/liczba goli_1/+1.5
INFO:root:Nieznana nazwa: 1.połowa/spotkanie_1/1
INFO:root:Nieznana nazwa: liczba goli 3.5_+
INFO:root:Nieznana nazwa: spotkanie/liczba goli_1/+1.5
INFO:root:Nieznana nazwa: 1.połowa/spotkanie_1/1
INFO:root:Nieznana nazwa: liczba goli 3.5_+
INFO:root:Nieznana nazwa: spotkanie/liczba goli_1/+1.5
INFO:root:Nieznana nazwa: 1.połowa/spotkanie_1/1
INFO:root:Nieznana nazwa: liczba goli 3.5_+
INFO:root:Nieznana nazwa: spotkanie/liczba goli_1/+1.5
INFO:root:Nieznana nazwa: 1.połowa/spotkanie_1/1
INFO:root:Nieznana nazwa: liczba goli 3.5_+
INFO:root:Nieznana nazwa: spotkanie/liczba goli_1/+1.5
INFO:root:Nieznana nazwa: 1.połowa/spotkanie_1/1
INFO:root:Nieznana nazwa: liczba goli 3.5_+
INFO:root:Nieznana nazwa: spotkanie/liczba goli_1/+1.5
INFO:root:Nieznana nazwa: 1.połowa/spotkanie_1/1
INFO:root:Nieznana nazwa: liczba goli 3.5_+
INFO:root:Nieznana nazwa: spotkanie/liczba goli_1/+1.5
INFO:root:Nieznana nazwa: 1.połowa/spotkanie_1/1
INFO:root:Nieznana nazwa: liczba goli 3.5_+
INFO:root:Nieznana nazwa: spotkanie/liczba goli_1/+1.5
INFO:root:Nieznana nazwa: 1.połowa/spotkanie_1/1
INFO:root:Nieznana nazwa: liczba goli 3.5_+
INFO:root:Nieznana nazwa: spotkanie/liczba goli_1/+1.5
INFO:root:Nieznana nazwa: 1.połowa/spotkanie_1/1
INFO:root:Nieznana nazwa: liczba goli 3.5_+
INFO:root:Nieznana nazwa: spotkanie/liczba goli_1/+1.5
INFO:root:Nieznana nazwa: 1.połowa/spotkanie_1/1
INFO:root:Nieznana nazwa: liczba goli 3.5_+
INFO:root:Nieznana nazwa: spotkanie/liczba goli_1/+1.5
INFO:root:Nieznana nazwa: 1.połowa/spotkanie_1/1
INFO:root:Nieznana nazwa: liczba goli 3.5_+
INFO:root:Nieznana nazwa: spotkanie/liczba goli_1/+1.5
INFO:root:Nieznana nazwa: 1.połowa/spotkanie_1/1
INFO:root:Nieznana nazwa: liczba goli 3.5_+
INFO:root:Nieznana nazwa: spotkanie/liczba goli_1/+1.5
INFO:root:Nieznana nazwa: 1.połowa/spotkanie_1/1
INFO:root:Nieznana nazwa: liczba goli 3.5_+
INFO:root:Nieznana nazwa: spotkanie/liczba goli_1/+1.5
INFO:root:Nieznana nazwa: 1.połowa/spotkanie_1/1
INFO:root:Nieznana nazwa: liczba goli 3.5_+
INFO:root:Nieznana nazwa: spotkanie/liczba goli_1/+1.5
INFO:root:Nieznana nazwa: 1.połowa/spotkanie_1/1
INFO:root:Nieznana nazwa: liczba goli 3.5_+
INFO:root:Nieznana nazwa: spotkanie/liczba goli_1/+1.5
INFO:root:Nieznana nazwa: 1.połowa/spotkanie_1/1
INFO:root:Nieznana nazwa: liczba goli 3.5_+
INFO:root:Nieznana nazwa: spotkanie/liczba goli_1/+1.5
INFO:root:Nieznana nazwa: 1.połowa/spotkanie_1/1
INFO:root:Nieznana nazwa: liczba goli 3.5_+
INFO:root:Nieznana nazwa: spotkanie/liczba goli_1/+1.5
INFO:root:Nieznana nazwa: 1.połowa/spotkanie_1/1
INFO:root:Nieznana nazwa: liczba goli 3.5_+
INFO:root:Nieznana nazwa: spotkanie/liczba goli_1/+1.5
INFO:root:Nieznana nazwa: 1.połowa/spotkanie_1/1
INFO:root:Nieznana nazwa: liczba goli 3.5_+
INFO:root:Nieznana nazwa: spotkanie/liczba goli_1/+1.5
INFO:root:Nieznana nazwa: 1.połowa/spotkanie_1/1
INFO:root:Nieznana nazwa: mecz_10
INFO:root:Nieznana nazwa: spotkanie/obie drużyny strzelą gola_1/tak
INFO:root:Nieznana nazwa: spotkanie/obie drużyny strzelą gola_1/tak
INFO:root:Nieznana nazwa: obie drużyny strzelą gola_tak
INFO:root:Nieznana nazwa: obie drużyny strzelą gola_tak
INFO:root:Nieznana nazwa: obie drużyny strzelą gola_tak
INFO:root:Nieznana nazwa: obie drużyny strzelą gola_tak
INFO:root:Nieznana nazwa: obie drużyny strzelą gola_tak
INFO:root:Nieznana nazwa: obie drużyny strzelą gola_tak
INFO:root:Nieznana nazwa: obie drużyny strzelą gola_tak
INFO:root:Nieznana nazwa: obie drużyny strzelą gola_tak
INFO:root:Nieznana nazwa: obie drużyny strzelą gola_tak
INFO:root:Nieznana nazwa: obie drużyny strzelą gola_tak
INFO:root:Nieznana nazwa: obie drużyny strzelą gola_tak
INFO:root:Nieznana nazwa: obie drużyny strzelą gola_tak
INFO:root:Nieznana nazwa: obie drużyny strzelą gola_tak
INFO:root:Nieznana nazwa: obie drużyny strzelą gola_tak
INFO:root:Nieznana nazwa: obie drużyny strzelą gola_tak
INFO:root:Nieznana nazwa: obie drużyny strzelą gola_tak
INFO:root:Nieznana nazwa: 2.drużyna strzeli gola_tak
INFO:root:Nieznana nazwa: podwójna szansa (1.poł. lub mecz)_1-1
INFO:root:Nieznana nazwa: podwójna szansa (1.poł. lub mecz)_2-2
INFO:root:Nieznana nazwa: 1.drużyna strzeli gola_tak
INFO:root:Nieznana nazwa: 2.drużyna strzeli gola_tak
INFO:root:Nieznana nazwa: 2.drużyna strzeli gola_tak
INFO:root:Nieznana nazwa: Bury
INFO:root:Nieznana nazwa: Rochdale
INFO:root:Nieznana nazwa: podwójna szansa (1.poł. lub mecz)_1-1
INFO:root:Nieznana nazwa: dokładny wynik_1:2
INFO:root:Nieznana nazwa: dokładny wynik_1:2
INFO:root:Nieznana nazwa: dokładny wynik_1:2
INFO:root:Nieznana nazwa: dokładny wynik_1:2
INFO:root:Nieznana nazwa: dokładny wynik_1:2
INFO:root:Nieznana nazwa: obie druzyny strzela gola i liczba goli będzie większa niż 2.5_tak
INFO:root:Nieznana nazwa: spotkanie bez remisu_2
INFO:root:Nieznana nazwa: Skalica
INFO:root:Nieznana nazwa: Trebisov
INFO:root:Nieznana nazwa: 1.drużyna wygra obie połowy_tak
INFO:root:Nieznana nazwa: Dalkurd
INFO:root:Nieznana nazwa: puchar
INFO:root:Nieznana nazwa: Cup
INFO:root:Nieznana nazwa: puchar
INFO:root:Nieznana nazwa: 1.drużyna zdobędzie goli 1.5_+
INFO:root:Nieznana nazwa: podwójna szansa (1.poł. lub mecz)_1-1
INFO:root:Nieznana nazwa: Ankaran
INFO:root:Nieznana nazwa: NK Celje
INFO:root:Nieznana nazwa: puchar
INFO:root:Nieznana nazwa: Pribram
INFO:root:Nieznana nazwa: Pardubice
INFO:root:Nieznana nazwa: podwójna szansa (1.poł. lub mecz)_1-1
INFO:root:Nieznana nazwa: Kawasaki
INFO:root:Nieznana nazwa: Shimizu
INFO:root:Nieznana nazwa: Nagoya
INFO:root:Nieznana nazwa: Kashiwa
INFO:root:Nieznana nazwa: Tosu
INFO:root:Nieznana nazwa: FC Tokyo
INFO:root:Nieznana nazwa: ilosc bramek (60 min.) 3.5_+
INFO:root:Nieznana nazwa: Djokovic N.
INFO:root:Nieznana nazwa: Ramos A.
