[2018-02-24 08:13:24] START
[2018-02-24 09:13:43] UPLOAD /home/lesinle/web2py/applications/bestbukpl/private/read_coupon_fortuna_wo_sql.py: 65
[2018-02-24 09:14:11] UPLOAD /home/lesinle/web2py/applications/bestbukpl/private/odds_db.sqlite: 429
[2018-02-24 09:19:14] CREATE read_coupon.py: 0
[2018-02-24 09:19:53] CREATE read_coupon.html: 0
[2018-02-24 09:25:00] EDIT bestbukpl/controllers/read_coupon.py: 2
[2018-02-24 09:26:12] EDIT bestbukpl/controllers/read_coupon.py: 0
[2018-02-24 09:26:29] EDIT bestbukpl/controllers/read_coupon.py: 0
[2018-02-24 09:26:34] EDIT bestbukpl/controllers/read_coupon.py: 0
[2018-02-24 09:27:21] EDIT bestbukpl/controllers/read_coupon.py: 0
[2018-02-24 09:27:33] EDIT bestbukpl/controllers/read_coupon.py: 0
[2018-02-24 09:38:06] EDIT bestbukpl/controllers/read_coupon.py: 0
[2018-02-24 09:41:38] CREATE bestbukpl/read_coupon.html: 0
[2018-02-24 09:42:14] CREATE read_coupon/index.html: 0
[2018-02-24 09:42:46] EDIT bestbukpl/controllers/read_coupon.py: 0
[2018-02-24 09:43:37] DELETE bestbukpl/views/bestbukpl/read_coupon.html: -3
[2018-02-24 09:43:54] CREATE read_coupon/hello.html: 0
[2018-02-24 09:55:50] EDIT bestbukpl/controllers/read_coupon.py: 1
[2018-02-24 10:04:46] EDIT bestbukpl/controllers/read_coupon.py: 0
[2018-02-24 10:09:36] EDIT bestbukpl/controllers/read_coupon.py: 0
[2018-02-24 10:24:10] CREATE urllib2.py: 0
[2018-02-24 10:24:25] EDIT bestbukpl/modules/urllib2.py: 2335
[2018-02-24 10:24:56] EDIT bestbukpl/modules/urllib2.py: -28
[2018-02-24 10:25:03] EDIT bestbukpl/modules/urllib2.py: 0
[2018-02-24 10:25:22] EDIT bestbukpl/modules/urllib2.py: -1
[2018-02-24 10:27:46] EDIT bestbukpl/controllers/read_coupon.py: 0
[2018-02-24 10:38:15] EDIT bestbukpl/controllers/read_coupon.py: 1
[2018-02-24 10:38:34] EDIT bestbukpl/controllers/read_coupon.py: -1
[2018-02-24 10:40:27] EDIT bestbukpl/controllers/read_coupon.py: 1
[2018-02-24 10:41:36] EDIT bestbukpl/controllers/read_coupon.py: 1
[2018-02-24 10:42:42] EDIT bestbukpl/controllers/read_coupon.py: 0
[2018-02-24 10:43:12] EDIT bestbukpl/controllers/read_coupon.py: 0
[2018-02-24 10:43:29] EDIT bestbukpl/controllers/read_coupon.py: 0
[2018-02-24 10:47:06] EDIT bestbukpl/controllers/read_coupon.py: 0
[2018-02-24 10:47:18] EDIT bestbukpl/controllers/read_coupon.py: 0
[2018-02-24 10:49:37] EDIT bestbukpl/controllers/read_coupon.py: 0
[2018-02-24 10:49:49] EDIT bestbukpl/controllers/read_coupon.py: 0
[2018-02-24 10:59:05] EDIT bestbukpl/controllers/read_coupon.py: 0
[2018-02-24 10:59:33] EDIT bestbukpl/controllers/read_coupon.py: 0
[2018-02-24 11:00:00] EDIT bestbukpl/controllers/read_coupon.py: 0
[2018-02-24 11:00:14] EDIT bestbukpl/controllers/read_coupon.py: 0
[2018-02-24 11:02:26] EDIT bestbukpl/controllers/read_coupon.py: 0
[2018-02-24 11:33:32] EDIT bestbukpl/controllers/read_coupon.py: 5
[2018-02-24 11:33:49] EDIT bestbukpl/controllers/read_coupon.py: 0
[2018-02-24 11:37:50] EDIT bestbukpl/controllers/read_coupon.py: 0
[2018-02-24 11:39:54] EDIT bestbukpl/controllers/read_coupon.py: 0
[2018-02-24 11:40:37] EDIT bestbukpl/controllers/read_coupon.py: 1
[2018-02-24 11:42:31] EDIT bestbukpl/controllers/read_coupon.py: 0
[2018-02-24 11:42:53] EDIT bestbukpl/controllers/read_coupon.py: 0
[2018-02-24 11:43:05] EDIT bestbukpl/controllers/read_coupon.py: 0
[2018-02-24 11:45:38] EDIT bestbukpl/controllers/read_coupon.py: 0
[2018-02-24 11:46:33] EDIT bestbukpl/controllers/read_coupon.py: 0
[2018-02-24 11:46:46] EDIT bestbukpl/controllers/read_coupon.py: 0
[2018-02-24 11:47:42] EDIT bestbukpl/controllers/read_coupon.py: 0
[2018-02-24 11:48:53] EDIT bestbukpl/controllers/read_coupon.py: 0
[2018-02-24 11:49:10] EDIT bestbukpl/controllers/read_coupon.py: 0
[2018-02-24 11:49:52] EDIT bestbukpl/controllers/read_coupon.py: 1
[2018-02-24 11:50:36] EDIT bestbukpl/controllers/read_coupon.py: 1
[2018-02-24 11:51:05] EDIT bestbukpl/controllers/read_coupon.py: 0
[2018-02-24 11:52:58] EDIT bestbukpl/controllers/read_coupon.py: 0
[2018-02-24 11:53:14] EDIT bestbukpl/controllers/read_coupon.py: 0
[2018-02-24 11:53:56] EDIT bestbukpl/controllers/read_coupon.py: 0
[2018-02-24 11:54:18] EDIT bestbukpl/controllers/read_coupon.py: 0
[2018-02-24 11:54:59] EDIT bestbukpl/controllers/read_coupon.py: 0
[2018-02-24 11:55:13] EDIT bestbukpl/controllers/read_coupon.py: 0
[2018-02-24 11:58:26] EDIT bestbukpl/controllers/read_coupon.py: 3
[2018-02-24 11:58:36] EDIT bestbukpl/controllers/read_coupon.py: 0
[2018-02-24 11:59:35] EDIT bestbukpl/controllers/read_coupon.py: 0
[2018-02-24 12:00:30] EDIT bestbukpl/controllers/read_coupon.py: 0
[2018-02-24 12:00:48] EDIT bestbukpl/controllers/read_coupon.py: 0
[2018-02-24 12:01:18] EDIT bestbukpl/controllers/read_coupon.py: 0
[2018-02-24 12:01:31] EDIT bestbukpl/controllers/read_coupon.py: 0
[2018-02-24 12:02:53] EDIT bestbukpl/controllers/read_coupon.py: 0
[2018-02-24 12:04:19] EDIT bestbukpl/controllers/read_coupon.py: 1
[2018-02-24 12:04:36] EDIT bestbukpl/controllers/read_coupon.py: 0
[2018-02-24 12:05:34] EDIT bestbukpl/controllers/read_coupon.py: 0
[2018-02-24 12:05:58] EDIT bestbukpl/controllers/read_coupon.py: 0
[2018-02-24 12:06:18] EDIT bestbukpl/controllers/read_coupon.py: 0
[2018-02-24 12:06:38] EDIT bestbukpl/controllers/read_coupon.py: 0
[2018-02-24 12:07:38] EDIT bestbukpl/controllers/read_coupon.py: 0
[2018-02-24 12:08:41] EDIT bestbukpl/controllers/read_coupon.py: 0
[2018-02-24 12:09:16] EDIT bestbukpl/controllers/read_coupon.py: 0
[2018-02-24 12:09:30] EDIT bestbukpl/controllers/read_coupon.py: 0
[2018-02-24 12:09:45] EDIT bestbukpl/controllers/read_coupon.py: 0
[2018-02-24 12:09:57] EDIT bestbukpl/controllers/read_coupon.py: 0
[2018-02-24 12:10:08] EDIT bestbukpl/controllers/read_coupon.py: 0
[2018-02-24 12:10:15] EDIT bestbukpl/controllers/read_coupon.py: 0
[2018-02-24 12:11:53] EDIT bestbukpl/controllers/read_coupon.py: 2
[2018-02-24 12:11:58] EDIT bestbukpl/controllers/read_coupon.py: 0
[2018-02-24 12:12:00] EDIT bestbukpl/controllers/read_coupon.py: 0
[2018-02-24 12:15:53] EDIT bestbukpl/controllers/read_coupon.py: 0
[2018-02-24 12:16:56] EDIT bestbukpl/controllers/read_coupon.py: 0
[2018-02-24 12:17:14] EDIT bestbukpl/controllers/read_coupon.py: 0
[2018-02-24 12:17:29] EDIT bestbukpl/controllers/read_coupon.py: 0
[2018-02-24 12:39:04] EDIT bestbukpl/controllers/read_coupon.py: 0
[2018-02-24 12:39:23] EDIT bestbukpl/controllers/read_coupon.py: 0
[2018-02-24 12:39:58] EDIT bestbukpl/controllers/read_coupon.py: 0
[2018-02-24 12:40:15] EDIT bestbukpl/controllers/read_coupon.py: 0
[2018-02-24 12:41:24] EDIT bestbukpl/views/read_coupon/hello.html: 2
[2018-02-24 12:42:07] EDIT bestbukpl/views/read_coupon/hello.html: 0
[2018-02-24 12:43:12] EDIT bestbukpl/controllers/read_coupon.py: 0
[2018-02-24 12:47:41] EDIT bestbukpl/views/read_coupon/hello.html: 0
[2018-02-24 12:48:19] EDIT bestbukpl/views/read_coupon/hello.html: -1
[2018-02-24 12:48:39] EDIT bestbukpl/views/read_coupon/hello.html: 0
[2018-02-24 12:49:12] EDIT bestbukpl/views/read_coupon/hello.html: 2
[2018-02-24 12:49:42] EDIT bestbukpl/views/read_coupon/hello.html: 0
[2018-02-24 12:49:51] EDIT bestbukpl/views/read_coupon/hello.html: 0
[2018-02-24 12:51:19] EDIT bestbukpl/controllers/read_coupon.py: 0
[2018-02-24 12:51:49] EDIT bestbukpl/controllers/read_coupon.py: 0
[2018-02-24 12:54:21] EDIT bestbukpl/controllers/read_coupon.py: 1
[2018-02-24 12:54:34] EDIT bestbukpl/controllers/read_coupon.py: -1
[2018-02-24 12:59:46] EDIT bestbukpl/controllers/read_coupon.py: 1
[2018-02-24 13:03:31] EDIT bestbukpl/controllers/read_coupon.py: 1
[2018-02-24 13:03:50] EDIT bestbukpl/views/read_coupon/hello.html: 3
[2018-02-24 13:05:33] EDIT bestbukpl/controllers/read_coupon.py: 1
[2018-02-24 13:05:37] EDIT bestbukpl/controllers/read_coupon.py: 0
[2018-02-24 13:05:42] EDIT bestbukpl/views/read_coupon/hello.html: 0
[2018-02-24 13:06:13] EDIT bestbukpl/controllers/read_coupon.py: 0
[2018-02-24 13:06:18] EDIT bestbukpl/views/read_coupon/hello.html: 0
[2018-02-24 13:07:09] EDIT bestbukpl/controllers/read_coupon.py: 0
[2018-02-24 13:09:27] EDIT bestbukpl/controllers/read_coupon.py: 0
[2018-02-24 13:10:58] EDIT bestbukpl/controllers/read_coupon.py: 2
[2018-02-24 13:11:06] EDIT bestbukpl/controllers/read_coupon.py: 0
[2018-02-24 13:11:18] EDIT bestbukpl/controllers/read_coupon.py: -1
[2018-02-24 13:11:22] EDIT bestbukpl/controllers/read_coupon.py: 0
[2018-02-24 13:17:17] EDIT bestbukpl/controllers/read_coupon.py: 3
[2018-02-24 13:17:48] EDIT bestbukpl/controllers/read_coupon.py: 0
[2018-02-24 13:19:55] EDIT bestbukpl/controllers/read_coupon.py: 0
[2018-02-24 13:26:49] EDIT bestbukpl/controllers/read_coupon.py: 0
[2018-02-24 13:27:45] EDIT bestbukpl/views/read_coupon/hello.html: 0
[2018-02-24 13:27:49] EDIT bestbukpl/controllers/read_coupon.py: 0
[2018-02-24 13:29:29] EDIT bestbukpl/controllers/read_coupon.py: 1
[2018-02-24 13:30:53] EDIT bestbukpl/controllers/read_coupon.py: 1
[2018-02-24 13:54:16] EDIT bestbukpl/controllers/read_coupon.py: 0
[2018-02-24 14:00:42] EDIT bestbukpl/views/read_coupon/hello.html: 2
[2018-02-24 14:02:28] EDIT bestbukpl/controllers/read_coupon.py: 0
[2018-02-24 14:02:46] EDIT bestbukpl/controllers/read_coupon.py: 0
[2018-02-24 14:02:58] EDIT bestbukpl/views/read_coupon/hello.html: 0
[2018-02-24 14:03:14] EDIT bestbukpl/controllers/read_coupon.py: 0
[2018-02-24 14:03:43] EDIT bestbukpl/views/read_coupon/hello.html: 0
[2018-02-24 14:06:26] EDIT bestbukpl/views/read_coupon/hello.html: 3
[2018-02-24 14:06:58] EDIT bestbukpl/views/read_coupon/hello.html: 1
[2018-02-24 14:21:44] EDIT bestbukpl/views/read_coupon/hello.html: 1
[2018-02-24 15:12:25] EDIT bestbukpl/views/read_coupon/hello.html: 0
[2018-02-24 15:13:38] EDIT bestbukpl/views/read_coupon/hello.html: -1
[2018-02-24 15:14:21] EDIT bestbukpl/views/read_coupon/hello.html: 1
[2018-02-24 15:14:36] EDIT bestbukpl/controllers/read_coupon.py: 0
[2018-02-24 15:16:06] EDIT bestbukpl/controllers/read_coupon.py: 0
[2018-02-24 15:16:13] EDIT bestbukpl/views/read_coupon/hello.html: 1
[2018-02-24 15:18:26] EDIT bestbukpl/controllers/read_coupon.py: 0
[2018-02-24 15:37:12] EDIT bestbukpl/controllers/read_coupon.py: 0
[2018-02-24 15:42:21] EDIT bestbukpl/controllers/read_coupon.py: 0
[2018-02-24 15:42:34] EDIT bestbukpl/controllers/read_coupon.py: 0
[2018-02-24 15:44:24] EDIT bestbukpl/controllers/read_coupon.py: 0
[2018-02-24 15:45:25] EDIT bestbukpl/views/read_coupon/hello.html: 0
[2018-02-24 15:45:31] EDIT bestbukpl/controllers/read_coupon.py: 0
[2018-02-24 17:55:22] EDIT bestbukpl/controllers/read_coupon.py: 0
[2018-02-24 17:55:51] EDIT bestbukpl/controllers/read_coupon.py: 0
[2018-02-24 17:56:03] EDIT bestbukpl/controllers/read_coupon.py: 0
[2018-02-24 17:56:43] EDIT bestbukpl/controllers/read_coupon.py: 0
[2018-02-24 17:58:06] EDIT bestbukpl/controllers/read_coupon.py: 1
[2018-02-24 17:58:41] EDIT bestbukpl/controllers/read_coupon.py: 0
[2018-02-24 17:59:09] EDIT bestbukpl/controllers/read_coupon.py: 1
[2018-02-24 17:59:41] EDIT bestbukpl/controllers/read_coupon.py: 0
[2018-02-24 18:00:00] EDIT bestbukpl/controllers/read_coupon.py: 0
[2018-02-24 18:00:04] EDIT bestbukpl/controllers/read_coupon.py: 0
[2018-02-24 18:00:30] EDIT bestbukpl/controllers/read_coupon.py: 0
[2018-02-24 18:11:12] EDIT bestbukpl/controllers/read_coupon.py: 0
[2018-02-24 18:11:30] EDIT bestbukpl/controllers/read_coupon.py: 0
[2018-02-24 18:16:11] EDIT bestbukpl/controllers/read_coupon.py: 7
[2018-02-24 18:25:27] EDIT bestbukpl/controllers/read_coupon.py: 1
[2018-02-24 18:25:59] EDIT bestbukpl/views/read_coupon/hello.html: 2
[2018-02-24 18:26:39] EDIT bestbukpl/views/read_coupon/hello.html: 3
[2018-02-24 18:28:06] EDIT bestbukpl/controllers/read_coupon.py: 0
[2018-02-24 18:28:51] EDIT bestbukpl/controllers/read_coupon.py: 0
[2018-02-24 18:29:02] EDIT bestbukpl/controllers/read_coupon.py: -1
[2018-02-24 18:33:47] EDIT bestbukpl/controllers/read_coupon.py: -1
[2018-02-24 18:34:45] EDIT bestbukpl/controllers/read_coupon.py: 0
[2018-02-24 18:35:04] EDIT bestbukpl/controllers/read_coupon.py: 0
[2018-02-24 19:00:28] EDIT bestbukpl/controllers/read_coupon.py: 0
[2018-02-24 19:00:58] EDIT bestbukpl/controllers/read_coupon.py: 0
[2018-02-24 19:01:54] EDIT bestbukpl/controllers/read_coupon.py: 0
[2018-02-24 19:03:47] EDIT bestbukpl/controllers/read_coupon.py: 0
[2018-02-24 19:14:07] EDIT bestbukpl/controllers/read_coupon.py: 0
[2018-02-24 19:15:58] EDIT bestbukpl/controllers/read_coupon.py: 0
[2018-02-24 19:19:27] EDIT bestbukpl/controllers/read_coupon.py: 0
[2018-02-24 19:21:32] EDIT bestbukpl/controllers/read_coupon.py: 0
[2018-02-24 19:23:01] EDIT bestbukpl/controllers/read_coupon.py: 0
[2018-02-24 19:23:59] EDIT bestbukpl/controllers/read_coupon.py: 0
[2018-02-24 19:36:59] EDIT bestbukpl/controllers/read_coupon.py: 2
[2018-02-24 19:38:22] EDIT bestbukpl/controllers/read_coupon.py: 0
[2018-02-24 19:39:18] EDIT bestbukpl/controllers/read_coupon.py: 0
[2018-02-24 19:40:05] EDIT bestbukpl/controllers/read_coupon.py: 0
[2018-02-24 19:42:32] EDIT bestbukpl/views/read_coupon/hello.html: 0
[2018-02-24 19:43:07] EDIT bestbukpl/controllers/read_coupon.py: 1
[2018-02-24 19:52:18] EDIT bestbukpl/views/read_coupon/hello.html: 0
[2018-02-24 19:52:27] EDIT bestbukpl/controllers/read_coupon.py: 0
[2018-02-24 19:53:35] EDIT bestbukpl/views/read_coupon/hello.html: 0
[2018-02-24 19:56:04] EDIT bestbukpl/views/read_coupon/hello.html: 1
[2018-02-24 19:56:30] EDIT bestbukpl/views/read_coupon/hello.html: -1
[2018-02-24 19:57:07] EDIT bestbukpl/views/read_coupon/hello.html: 2
[2018-02-24 19:57:38] EDIT bestbukpl/controllers/read_coupon.py: 0
[2018-02-24 19:57:49] EDIT bestbukpl/controllers/read_coupon.py: 0
[2018-02-24 19:58:38] EDIT bestbukpl/controllers/read_coupon.py: 0
[2018-02-24 19:58:58] EDIT bestbukpl/controllers/read_coupon.py: 1
[2018-02-24 19:59:20] EDIT bestbukpl/controllers/read_coupon.py: 0
[2018-02-24 19:59:51] EDIT bestbukpl/controllers/read_coupon.py: -1
[2018-02-24 19:59:53] EDIT bestbukpl/controllers/read_coupon.py: 0
[2018-02-24 20:04:26] EDIT bestbukpl/views/read_coupon/hello.html: 6
[2018-02-24 20:05:04] EDIT bestbukpl/controllers/read_coupon.py: 0
[2018-02-24 20:05:54] EDIT bestbukpl/views/read_coupon/hello.html: 0
[2018-02-24 20:06:53] EDIT bestbukpl/views/read_coupon/hello.html: -5
[2018-02-24 20:07:43] EDIT bestbukpl/views/read_coupon/hello.html: 0
[2018-02-24 20:08:27] EDIT bestbukpl/views/read_coupon/hello.html: 0
[2018-02-24 20:08:36] EDIT bestbukpl/views/read_coupon/hello.html: 0
[2018-02-24 20:09:19] EDIT bestbukpl/views/read_coupon/hello.html: -1
[2018-02-24 20:09:45] EDIT bestbukpl/views/read_coupon/hello.html: -1
[2018-02-24 20:10:35] EDIT bestbukpl/controllers/read_coupon.py: 0
[2018-02-24 20:10:38] EDIT bestbukpl/views/read_coupon/hello.html: 0
[2018-02-24 20:10:55] EDIT bestbukpl/views/read_coupon/hello.html: -1
[2018-02-24 20:12:53] EDIT bestbukpl/views/read_coupon/hello.html: 2
[2018-02-24 20:13:46] EDIT bestbukpl/views/read_coupon/hello.html: 0
[2018-02-24 20:13:50] EDIT bestbukpl/views/read_coupon/hello.html: 0
[2018-02-24 20:15:16] EDIT bestbukpl/views/read_coupon/hello.html: 0
[2018-02-24 20:16:01] EDIT bestbukpl/views/read_coupon/hello.html: 0
[2018-02-24 20:16:22] EDIT bestbukpl/views/read_coupon/hello.html: 0
[2018-02-24 20:19:29] EDIT bestbukpl/views/read_coupon/hello.html: 10
[2018-02-24 20:19:46] EDIT bestbukpl/views/read_coupon/hello.html: 0
[2018-02-24 20:22:32] EDIT bestbukpl/views/read_coupon/hello.html: -1
[2018-02-24 20:22:40] EDIT bestbukpl/views/read_coupon/hello.html: 0
[2018-02-24 20:24:22] EDIT bestbukpl/views/read_coupon/hello.html: 0
[2018-02-24 20:28:04] EDIT bestbukpl/views/read_coupon/hello.html: -1
[2018-02-24 21:57:45] EDIT bestbukpl/controllers/read_coupon.py: 1
[2018-02-24 21:57:58] EDIT bestbukpl/controllers/read_coupon.py: 0
[2018-02-24 22:00:14] EDIT bestbukpl/views/read_coupon/hello.html: 0
[2018-02-24 22:00:33] EDIT bestbukpl/views/read_coupon/hello.html: 0
[2018-02-24 22:00:54] EDIT bestbukpl/views/read_coupon/hello.html: 0
[2018-02-24 22:03:59] EDIT bestbukpl/views/read_coupon/hello.html: 0
[2018-02-24 22:04:40] EDIT bestbukpl/views/read_coupon/hello.html: 0
[2018-02-24 22:05:13] EDIT bestbukpl/controllers/read_coupon.py: 1
[2018-02-24 22:05:29] EDIT bestbukpl/views/read_coupon/hello.html: 0
[2018-02-24 22:07:14] EDIT bestbukpl/views/read_coupon/hello.html: 2
[2018-02-24 22:11:30] EDIT bestbukpl/views/read_coupon/hello.html: 0
[2018-02-24 22:11:56] EDIT bestbukpl/views/read_coupon/hello.html: 0
[2018-02-24 22:12:16] EDIT bestbukpl/views/read_coupon/hello.html: 0
[2018-02-24 22:12:37] EDIT bestbukpl/views/read_coupon/hello.html: 0
[2018-02-24 22:12:52] EDIT bestbukpl/views/read_coupon/hello.html: 0
[2018-02-24 22:51:05] EDIT bestbukpl/views/read_coupon/hello.html: 0
[2018-02-24 22:51:24] EDIT bestbukpl/views/read_coupon/hello.html: 0
[2018-02-24 22:53:52] EDIT bestbukpl/views/read_coupon/hello.html: 0
[2018-02-24 22:57:38] EDIT bestbukpl/views/read_coupon/hello.html: 0
[2018-02-26 12:02:26] EDIT bestbukpl/views/read_coupon/hello.html: 0
[2018-02-26 12:03:36] EDIT bestbukpl/views/read_coupon/hello.html: 1
[2018-02-26 12:04:11] EDIT bestbukpl/views/read_coupon/hello.html: 1
[2018-02-26 19:30:03] EDIT bestbukpl/views/read_coupon/hello.html: -1
[2018-02-26 19:31:08] EDIT bestbukpl/views/read_coupon/hello.html: 0
[2018-02-26 19:32:06] EDIT bestbukpl/views/read_coupon/hello.html: 0
[2018-02-26 19:33:29] EDIT bestbukpl/views/read_coupon/hello.html: -1
[2018-02-26 19:33:53] EDIT bestbukpl/views/read_coupon/hello.html: 3
[2018-02-26 19:34:53] EDIT bestbukpl/views/read_coupon/hello.html: 0
[2018-02-26 20:43:58] EDIT bestbukpl/views/read_coupon/hello.html: 0
[2018-02-26 20:45:10] EDIT bestbukpl/views/read_coupon/hello.html: -2
[2018-02-26 20:45:39] EDIT bestbukpl/views/read_coupon/hello.html: -1
[2018-02-26 20:46:38] EDIT bestbukpl/views/read_coupon/hello.html: 1
[2018-02-26 20:53:27] EDIT bestbukpl/views/read_coupon/hello.html: 0
[2018-02-26 20:58:59] EDIT bestbukpl/views/read_coupon/hello.html: 0
[2018-02-26 20:59:47] EDIT bestbukpl/views/read_coupon/hello.html: 0
[2018-02-26 21:01:01] EDIT bestbukpl/views/read_coupon/hello.html: -1
[2018-02-26 21:01:16] EDIT bestbukpl/views/read_coupon/hello.html: 1
[2018-02-26 21:02:43] EDIT bestbukpl/views/read_coupon/hello.html: 0
[2018-02-26 21:03:41] EDIT bestbukpl/views/read_coupon/hello.html: 2
[2018-02-26 21:03:53] EDIT bestbukpl/views/read_coupon/hello.html: 1
[2018-02-26 21:06:11] EDIT bestbukpl/views/read_coupon/hello.html: 0
[2018-02-26 21:13:49] EDIT bestbukpl/views/read_coupon/hello.html: 0
[2018-02-26 21:21:28] EDIT bestbukpl/views/read_coupon/hello.html: 0
[2018-02-26 21:22:09] EDIT bestbukpl/views/read_coupon/hello.html: 0
[2018-02-26 21:23:26] EDIT bestbukpl/views/read_coupon/hello.html: 0
[2018-02-26 21:24:26] EDIT bestbukpl/views/read_coupon/hello.html: 0
[2018-02-26 21:25:06] EDIT bestbukpl/views/read_coupon/hello.html: 0
[2018-02-26 21:26:29] EDIT bestbukpl/views/read_coupon/hello.html: 0
[2018-02-26 21:28:09] EDIT bestbukpl/views/read_coupon/hello.html: 0
[2018-02-26 21:29:45] EDIT bestbukpl/views/read_coupon/hello.html: 0
[2018-02-26 22:29:45] EDIT bestbukpl/views/read_coupon/hello.html: 0
[2018-02-26 22:30:36] EDIT bestbukpl/views/read_coupon/hello.html: 3
[2018-02-26 22:31:00] EDIT bestbukpl/views/read_coupon/hello.html: -3
[2018-02-26 22:31:14] EDIT bestbukpl/views/read_coupon/hello.html: 0
[2018-02-26 22:31:28] EDIT bestbukpl/views/read_coupon/hello.html: 0
[2018-02-26 22:32:23] EDIT bestbukpl/views/read_coupon/hello.html: 0
[2018-02-26 22:33:42] EDIT bestbukpl/controllers/read_coupon.py: 1
[2018-02-26 22:38:03] EDIT bestbukpl/controllers/read_coupon.py: 0
[2018-02-28 21:17:16] EDIT bestbukpl/views/read_coupon/hello.html: 1
[2018-02-28 21:18:54] EDIT bestbukpl/controllers/read_coupon.py: 3
[2018-02-28 21:22:07] EDIT bestbukpl/controllers/read_coupon.py: 0
[2018-02-28 21:23:21] EDIT bestbukpl/controllers/read_coupon.py: 0
[2018-02-28 21:24:19] EDIT bestbukpl/controllers/read_coupon.py: 0
[2018-02-28 21:25:34] EDIT bestbukpl/controllers/read_coupon.py: 0
[2018-02-28 21:25:37] EDIT bestbukpl/controllers/read_coupon.py: 0
[2018-02-28 21:25:52] EDIT bestbukpl/controllers/read_coupon.py: 0
[2018-02-28 21:27:53] EDIT bestbukpl/controllers/read_coupon.py: 2
[2018-02-28 21:30:57] EDIT bestbukpl/controllers/read_coupon.py: 2
[2018-02-28 21:35:58] EDIT bestbukpl/controllers/read_coupon.py: 1
[2018-02-28 21:36:13] EDIT bestbukpl/controllers/read_coupon.py: -1
[2018-02-28 21:37:04] EDIT bestbukpl/controllers/read_coupon.py: 2
[2018-02-28 21:37:56] EDIT bestbukpl/controllers/read_coupon.py: 0
[2018-02-28 21:38:40] EDIT bestbukpl/controllers/read_coupon.py: 0
[2018-02-28 21:39:15] EDIT bestbukpl/views/read_coupon/hello.html: 1
[2018-02-28 21:40:55] EDIT bestbukpl/controllers/read_coupon.py: 0
[2018-02-28 21:41:51] EDIT bestbukpl/controllers/read_coupon.py: 1
[2018-02-28 21:42:43] EDIT bestbukpl/views/read_coupon/hello.html: -36
[2018-02-28 21:43:30] EDIT bestbukpl/controllers/read_coupon.py: -1
[2018-02-28 21:44:27] EDIT bestbukpl/controllers/read_coupon.py: 0
[2018-02-28 21:44:58] EDIT bestbukpl/controllers/read_coupon.py: 0
[2018-02-28 21:46:03] EDIT bestbukpl/controllers/read_coupon.py: 0
[2018-02-28 21:46:19] EDIT bestbukpl/controllers/read_coupon.py: 0
[2018-02-28 21:51:38] EDIT bestbukpl/views/read_coupon/hello.html: 17
[2018-02-28 21:53:04] EDIT bestbukpl/views/read_coupon/hello.html: 0
[2018-02-28 21:53:27] EDIT bestbukpl/views/read_coupon/hello.html: -5
[2018-02-28 21:53:44] EDIT bestbukpl/views/read_coupon/hello.html: 0
[2018-02-28 22:01:42] EDIT bestbukpl/views/read_coupon/hello.html: 0
[2018-02-28 22:02:39] EDIT bestbukpl/views/read_coupon/hello.html: 1
[2018-02-28 22:03:10] EDIT bestbukpl/views/read_coupon/hello.html: 0
[2018-02-28 22:03:54] EDIT bestbukpl/views/read_coupon/hello.html: 0
[2018-02-28 22:04:07] EDIT bestbukpl/views/read_coupon/hello.html: 0
[2018-02-28 22:29:34] EDIT bestbukpl/views/read_coupon/hello.html: 1
[2018-02-28 22:34:20] EDIT bestbukpl/controllers/read_coupon.py: 1
[2018-02-28 22:34:47] EDIT bestbukpl/controllers/read_coupon.py: 0
[2018-02-28 22:35:35] EDIT bestbukpl/views/read_coupon/hello.html: 0
[2018-02-28 22:39:04] EDIT bestbukpl/controllers/read_coupon.py: 0
[2018-03-01 18:06:02] EDIT bestbukpl/views/read_coupon/hello.html: 2
[2018-03-01 18:06:36] EDIT bestbukpl/controllers/read_coupon.py: -1
[2018-03-01 18:09:05] EDIT bestbukpl/controllers/read_coupon.py: 0
[2018-03-01 18:09:19] EDIT bestbukpl/controllers/read_coupon.py: 0
[2018-03-01 18:09:22] EDIT bestbukpl/controllers/read_coupon.py: 0
[2018-03-01 18:10:07] EDIT bestbukpl/views/read_coupon/hello.html: 1
[2018-03-01 18:21:11] EDIT bestbukpl/controllers/read_coupon.py: 1
[2018-03-01 20:01:48] EDIT bestbukpl/controllers/read_coupon.py: 5
[2018-03-01 20:01:58] EDIT bestbukpl/controllers/read_coupon.py: 0
[2018-03-01 20:02:48] EDIT bestbukpl/controllers/read_coupon.py: 0
[2018-03-01 20:21:08] EDIT bestbukpl/controllers/read_coupon.py: -6
[2018-03-01 20:21:49] EDIT bestbukpl/controllers/read_coupon.py: -1
[2018-03-01 20:22:15] EDIT bestbukpl/controllers/read_coupon.py: 1
[2018-03-01 20:23:34] EDIT bestbukpl/views/read_coupon/hello.html: 0
[2018-03-01 20:32:57] EDIT bestbukpl/views/read_coupon/hello.html: 0
[2018-03-01 20:38:36] EDIT bestbukpl/views/read_coupon/hello.html: 1
[2018-03-01 20:40:03] EDIT bestbukpl/views/read_coupon/hello.html: 1
[2018-03-01 20:41:14] EDIT bestbukpl/views/read_coupon/hello.html: -1
[2018-03-01 20:43:01] EDIT bestbukpl/views/read_coupon/hello.html: 2
[2018-03-01 20:43:32] EDIT bestbukpl/views/read_coupon/hello.html: 0
[2018-03-01 20:45:24] EDIT bestbukpl/views/read_coupon/hello.html: 0
[2018-03-01 20:46:21] EDIT bestbukpl/controllers/read_coupon.py: 0
[2018-03-01 20:47:25] EDIT bestbukpl/views/read_coupon/hello.html: 0
[2018-03-01 20:49:08] EDIT bestbukpl/views/read_coupon/hello.html: 0
[2018-03-01 20:50:12] EDIT bestbukpl/views/read_coupon/hello.html: 0
[2018-03-01 20:51:24] EDIT bestbukpl/views/read_coupon/hello.html: 4
[2018-03-01 20:51:31] EDIT bestbukpl/views/read_coupon/hello.html: 0
[2018-03-01 20:52:18] EDIT bestbukpl/views/read_coupon/hello.html: 0
[2018-03-01 20:58:38] EDIT bestbukpl/views/read_coupon/hello.html: 0
[2018-03-01 21:14:29] EDIT bestbukpl/views/read_coupon/hello.html: 0
[2018-03-01 21:15:57] EDIT bestbukpl/views/read_coupon/hello.html: 6
[2018-03-01 21:19:51] EDIT bestbukpl/views/read_coupon/hello.html: -2
[2018-03-02 19:13:46] EDIT bestbukpl/controllers/default.py: 2
[2018-03-02 19:15:32] EDIT bestbukpl/controllers/default.py: 0
[2018-03-02 19:30:37] EDIT bestbukpl/views/default/index.html: 7
[2018-03-02 19:31:22] EDIT bestbukpl/controllers/default.py: 0
[2018-03-03 11:14:40] EDIT bestbukpl/controllers/read_coupon.py: 1
[2018-03-03 11:15:16] EDIT bestbukpl/views/read_coupon/hello.html: 1
[2018-03-03 13:00:17] EDIT bestbukpl/controllers/read_coupon.py: 0
[2018-03-03 13:02:59] EDIT bestbukpl/controllers/read_coupon.py: 0
[2018-03-03 13:10:26] EDIT bestbukpl/controllers/read_coupon.py: 0
[2018-03-03 14:13:02] EDIT bestbukpl/controllers/read_coupon.py: 0
[2018-03-03 14:13:43] EDIT bestbukpl/controllers/read_coupon.py: 0
[2018-03-03 14:14:05] EDIT bestbukpl/controllers/read_coupon.py: 0
[2018-03-03 14:17:53] EDIT bestbukpl/controllers/read_coupon.py: 0
[2018-03-03 14:21:41] EDIT bestbukpl/controllers/read_coupon.py: 1
[2018-03-03 14:23:07] EDIT bestbukpl/controllers/read_coupon.py: 2
[2018-03-03 14:24:23] CREATE read_coupon/test.html_: 0
[2018-03-03 14:25:18] DELETE bestbukpl/views/read_coupon/test.html_: 0
[2018-03-03 14:25:31] CREATE read_coupon/test.html: 0
[2018-03-03 14:27:11] EDIT bestbukpl/views/read_coupon/test.html: 1
[2018-03-03 14:36:32] EDIT bestbukpl/controllers/read_coupon.py: 0
[2018-03-03 14:48:08] EDIT bestbukpl/controllers/read_coupon.py: 1
[2018-03-03 14:52:41] EDIT bestbukpl/controllers/read_coupon.py: 0
[2018-03-03 15:00:33] EDIT bestbukpl/controllers/read_coupon.py: 0
[2018-03-03 15:01:48] EDIT bestbukpl/controllers/read_coupon.py: 0
[2018-03-03 18:03:53] EDIT bestbukpl/controllers/read_coupon.py: 3
[2018-03-03 18:04:30] EDIT bestbukpl/views/read_coupon/hello.html: -1
[2018-03-03 18:05:29] EDIT bestbukpl/views/read_coupon/hello.html: -2
[2018-03-03 18:08:28] EDIT bestbukpl/controllers/read_coupon.py: 48
[2018-03-03 18:08:35] EDIT bestbukpl/views/read_coupon/test.html: 0
[2018-03-03 18:08:42] EDIT bestbukpl/controllers/read_coupon.py: 0
[2018-03-03 18:12:23] EDIT bestbukpl/controllers/read_coupon.py: 0
[2018-03-03 18:12:26] EDIT bestbukpl/controllers/read_coupon.py: 0
[2018-03-03 18:13:16] EDIT bestbukpl/views/read_coupon/test.html: 3
[2018-03-03 18:14:29] EDIT bestbukpl/views/read_coupon/test.html: 4
[2018-03-03 18:15:03] EDIT bestbukpl/views/read_coupon/test.html: 0
[2018-03-03 18:16:59] EDIT bestbukpl/views/read_coupon/test.html: 0
[2018-03-03 18:18:55] EDIT bestbukpl/views/read_coupon/test.html: -3
[2018-03-03 18:19:19] EDIT bestbukpl/views/read_coupon/test.html: 0
[2018-03-03 18:21:21] EDIT bestbukpl/controllers/read_coupon.py: 1
[2018-03-03 18:25:23] EDIT bestbukpl/controllers/read_coupon.py: 0
[2018-03-03 18:25:30] EDIT bestbukpl/controllers/read_coupon.py: 0
[2018-03-03 18:27:47] EDIT bestbukpl/controllers/read_coupon.py: 0
[2018-03-03 18:29:38] EDIT bestbukpl/views/read_coupon/test.html: 3
[2018-03-03 18:41:08] EDIT bestbukpl/controllers/read_coupon.py: 1
[2018-03-03 18:41:22] EDIT bestbukpl/controllers/read_coupon.py: 0
[2018-03-03 18:41:53] EDIT bestbukpl/controllers/read_coupon.py: 0
[2018-03-03 20:47:28] EDIT bestbukpl/controllers/read_coupon.py: 6
[2018-03-03 20:47:57] EDIT bestbukpl/controllers/read_coupon.py: 0
[2018-03-03 20:48:29] EDIT bestbukpl/views/read_coupon/hello.html: 3
[2018-03-03 20:50:14] EDIT bestbukpl/views/read_coupon/hello.html: 10
[2018-03-03 20:50:23] EDIT bestbukpl/views/read_coupon/hello.html: -3
[2018-03-03 20:50:47] EDIT bestbukpl/views/read_coupon/hello.html: 0
[2018-03-03 20:52:09] EDIT bestbukpl/views/read_coupon/hello.html: 0
[2018-03-03 20:53:04] EDIT bestbukpl/controllers/read_coupon.py: 3
[2018-03-07 19:21:57] EDIT bestbukpl/views/default/index.html: 0
[2018-03-07 19:23:20] EDIT bestbukpl/views/read_coupon/hello.html: 7
[2018-03-07 19:30:54] EDIT bestbukpl/views/read_coupon/test.html: 7
[2018-03-07 19:31:00] EDIT bestbukpl/views/read_coupon/test.html: 0
[2018-03-07 19:31:47] EDIT bestbukpl/views/read_coupon/test.html: 0
[2018-03-07 19:33:25] EDIT bestbukpl/controllers/read_coupon.py: 3
[2018-03-07 19:34:00] EDIT bestbukpl/controllers/read_coupon.py: 0
[2018-03-07 20:57:55] EDIT bestbukpl/controllers/read_coupon.py: -3
[2018-03-07 21:06:56] EDIT bestbukpl/controllers/read_coupon.py: 1
[2018-03-07 21:24:06] EDIT bestbukpl/controllers/read_coupon.py: 0
[2018-03-09 19:13:42] EDIT bestbukpl/controllers/read_coupon.py: 0
[2018-03-09 19:17:27] EDIT bestbukpl/controllers/read_coupon.py: 4
[2018-03-09 19:18:36] EDIT bestbukpl/views/read_coupon/test.html: 4
[2018-03-09 19:20:43] EDIT bestbukpl/views/read_coupon/test.html: 0
[2018-03-09 19:24:16] EDIT bestbukpl/controllers/read_coupon.py: 0
[2018-03-09 19:26:04] EDIT bestbukpl/controllers/read_coupon.py: 0
[2018-03-09 19:28:01] EDIT bestbukpl/controllers/read_coupon.py: 0
[2018-03-09 19:29:07] EDIT bestbukpl/controllers/read_coupon.py: 0
[2018-03-09 20:04:55] EDIT bestbukpl/views/read_coupon/index.html: 5
[2018-03-09 20:09:43] EDIT bestbukpl/views/read_coupon/index.html: 0
[2018-03-09 20:21:54] EDIT bestbukpl/views/layout.html: 0
[2018-03-09 20:25:06] EDIT bestbukpl/views/layout.html: 0
[2018-03-09 20:25:37] EDIT bestbukpl/views/layout.html: 1
[2018-03-09 20:26:43] EDIT bestbukpl/views/layout.html: 0
[2018-03-09 21:02:49] EDIT bestbukpl/views/layout.html: 0
[2018-03-09 21:13:24] EDIT bestbukpl/views/layout.html: 8
[2018-03-09 23:04:59] EDIT bestbukpl/static/css/web2py-bootstrap3.css: 0
[2018-03-09 23:11:02] EDIT bestbukpl/static/css/web2py-bootstrap3.css: 1
[2018-03-10 19:26:14] EDIT bestbukpl/static/css/web2py-bootstrap3.css: 0
[2018-03-10 19:26:41] EDIT bestbukpl/static/css/web2py-bootstrap3.css: 0
[2018-03-10 19:36:24] EDIT bestbukpl/static/css/web2py-bootstrap3.css: 0
[2018-03-10 19:52:21] EDIT bestbukpl/controllers/default.py: 68
[2018-03-10 19:53:32] CREATE default/hello.html: 0
[2018-03-10 19:54:19] EDIT bestbukpl/views/default/hello.html: 45
[2018-03-10 19:55:26] EDIT bestbukpl/views/default/index.html: -4
[2018-03-10 19:56:24] EDIT bestbukpl/views/default/index.html: 0
[2018-03-10 19:57:29] EDIT bestbukpl/views/default/index.html: 0
[2018-03-10 19:59:12] EDIT bestbukpl/views/default/hello.html: 10
[2018-03-10 20:05:39] EDIT bestbukpl/views/default/hello.html: -4
[2018-03-10 20:05:47] EDIT bestbukpl/views/default/hello.html: 0
[2018-03-19 15:34:23] EDIT bestbukpl/controllers/default.py: 0
[2018-03-19 15:39:15] EDIT bestbukpl/controllers/default.py: 0
[2018-03-19 15:39:22] EDIT bestbukpl/controllers/default.py: 0
[2018-03-30 20:13:17] EDIT bestbukpl/views/layout.html: 17
[2018-03-30 20:29:13] EDIT bestbukpl/models/plugin_fbconnect.py: 0
[2018-04-07 10:21:20] EDIT bestbukpl/views/default/hello.html: 0
[2018-04-07 10:21:45] EDIT bestbukpl/views/default/hello.html: 0
[2018-04-07 10:23:22] EDIT bestbukpl/controllers/default.py: 0
[2018-04-07 10:24:00] EDIT bestbukpl/views/default/hello.html: 0
[2018-04-07 10:24:05] EDIT bestbukpl/views/default/hello.html: 0
[2018-05-09 17:21:13] EDIT bestbukpl/models/db.py: 4
[2018-05-09 17:22:41] EDIT bestbukpl/controllers/default.py: -5
[2018-05-09 17:45:30] EDIT bestbukpl/controllers/default.py: 2
[2018-05-09 17:46:50] EDIT bestbukpl/controllers/default.py: 0
[2018-05-09 17:47:41] EDIT bestbukpl/controllers/default.py: 0
[2018-05-09 17:48:27] CREATE default/kursy.html: 0
[2018-05-09 17:48:49] EDIT bestbukpl/views/default/kursy.html: 0
[2018-05-09 17:50:51] EDIT bestbukpl/controllers/default.py: 0
[2018-05-09 17:51:03] EDIT bestbukpl/controllers/default.py: 0
[2018-05-09 17:51:53] EDIT bestbukpl/controllers/default.py: 0
[2018-05-09 18:45:01] EDIT bestbukpl/views/default/kursy.html: 35
[2018-05-09 18:45:30] EDIT bestbukpl/views/default/kursy.html: 1
[2018-05-09 18:45:34] EDIT bestbukpl/views/default/kursy.html: -1
[2018-05-09 18:45:50] EDIT bestbukpl/views/default/kursy.html: 0
[2018-05-09 18:46:25] EDIT bestbukpl/views/default/kursy.html: 0
[2018-05-09 18:51:57] EDIT bestbukpl/controllers/default.py: 3
[2018-05-09 18:52:09] EDIT bestbukpl/controllers/default.py: 0
[2018-05-09 18:53:18] EDIT bestbukpl/views/default/kursy.html: 1
[2018-05-09 18:53:53] EDIT bestbukpl/controllers/default.py: 0
[2018-05-09 18:54:18] EDIT bestbukpl/controllers/default.py: 0
[2018-05-09 18:54:33] EDIT bestbukpl/controllers/default.py: 0
[2018-05-09 19:00:16] EDIT bestbukpl/controllers/default.py: 0
[2018-05-09 19:00:29] EDIT bestbukpl/controllers/default.py: 0
[2018-05-09 19:02:48] EDIT bestbukpl/controllers/default.py: 1
[2018-05-09 19:04:15] EDIT bestbukpl/controllers/default.py: -1
[2018-05-09 19:04:42] EDIT bestbukpl/controllers/default.py: 0
[2018-05-09 19:05:44] EDIT bestbukpl/views/default/kursy.html: 0
[2018-05-09 19:06:24] EDIT bestbukpl/views/default/kursy.html: 0
[2018-05-09 19:06:57] EDIT bestbukpl/controllers/default.py: 0
[2018-05-09 19:07:22] EDIT bestbukpl/controllers/default.py: 0
[2018-05-09 19:07:36] EDIT bestbukpl/controllers/default.py: 0
[2018-05-09 19:08:31] EDIT bestbukpl/controllers/default.py: 0
[2018-05-09 19:42:45] EDIT bestbukpl/views/default/kursy.html: 2
[2018-05-09 20:03:20] EDIT bestbukpl/views/default/kursy.html: 4
[2018-05-09 20:03:59] EDIT bestbukpl/views/default/kursy.html: 2
[2018-05-09 20:04:41] EDIT bestbukpl/views/default/kursy.html: 1
[2018-05-09 20:06:10] EDIT bestbukpl/views/layout.html: 0
[2018-05-09 20:13:44] EDIT bestbukpl/views/layout.html: 0
[2018-05-09 20:14:25] EDIT bestbukpl/views/default/kursy.html: -3
[2018-05-09 20:16:16] EDIT bestbukpl/views/default/kursy.html: 1
[2018-05-09 20:17:49] EDIT bestbukpl/views/default/kursy.html: 0
[2018-05-09 20:18:18] EDIT bestbukpl/views/default/kursy.html: 1
[2018-05-09 20:18:37] EDIT bestbukpl/views/default/kursy.html: 0
[2018-05-09 20:19:03] EDIT bestbukpl/views/default/kursy.html: -2
[2018-05-09 20:19:24] EDIT bestbukpl/views/default/kursy.html: 1
[2018-05-09 20:33:45] EDIT bestbukpl/views/default/kursy.html: 4
[2018-05-09 20:37:01] EDIT bestbukpl/views/default/kursy.html: 1
[2018-05-09 20:37:27] EDIT bestbukpl/views/default/kursy.html: 0
[2018-05-09 20:37:51] EDIT bestbukpl/views/default/kursy.html: 0
[2018-05-09 20:38:12] EDIT bestbukpl/views/default/kursy.html: 0
[2018-05-09 20:38:34] EDIT bestbukpl/views/default/kursy.html: 0
[2018-05-09 20:38:47] EDIT bestbukpl/views/default/kursy.html: 0
[2018-05-09 20:39:03] EDIT bestbukpl/views/default/kursy.html: 0
[2018-05-09 20:40:14] EDIT bestbukpl/views/default/kursy.html: -1
[2018-05-09 20:40:27] EDIT bestbukpl/views/default/kursy.html: 0
[2018-05-09 20:41:11] EDIT bestbukpl/views/default/kursy.html: 0
[2018-05-09 20:41:57] EDIT bestbukpl/views/default/kursy.html: 1
[2018-05-09 20:45:12] EDIT bestbukpl/views/default/kursy.html: 0
[2018-05-09 20:48:39] EDIT bestbukpl/views/default/kursy.html: 2
[2018-05-09 20:50:36] EDIT bestbukpl/views/default/kursy.html: -1
[2018-05-09 20:51:11] EDIT bestbukpl/views/default/kursy.html: 0
[2018-05-09 20:52:07] EDIT bestbukpl/views/default/kursy.html: 0
[2018-05-09 20:53:06] EDIT bestbukpl/controllers/default.py: 1
[2018-05-09 20:53:34] EDIT bestbukpl/controllers/default.py: 0
[2018-05-09 20:54:08] EDIT bestbukpl/views/default/kursy.html: 3
[2018-05-09 20:54:23] EDIT bestbukpl/views/default/kursy.html: -1
[2018-05-10 21:08:33] EDIT bestbukpl/controllers/default.py: 2
[2018-05-10 21:12:33] EDIT bestbukpl/controllers/default.py: 0
[2018-05-10 21:19:30] EDIT bestbukpl/views/default/kursy.html: 1
[2018-05-10 21:19:54] EDIT bestbukpl/controllers/default.py: 0
[2018-05-10 21:21:41] EDIT bestbukpl/controllers/default.py: 0
[2018-05-10 21:21:47] EDIT bestbukpl/controllers/default.py: 0
[2018-05-10 21:23:10] EDIT bestbukpl/controllers/default.py: 1
[2018-05-10 21:23:38] EDIT bestbukpl/views/default/kursy.html: 0
[2018-05-10 21:28:11] EDIT bestbukpl/controllers/default.py: 3
[2018-05-15 18:20:37] EDIT bestbukpl/models/db.py: -2
[2018-05-15 18:30:52] EDIT bestbukpl/models/db.py: 2
[2018-05-15 18:33:23] EDIT bestbukpl/models/db.py: 2
[2018-05-15 18:36:11] EDIT bestbukpl/models/db.py: 1
[2018-05-15 18:36:46] EDIT bestbukpl/models/db.py: 0
[2018-05-15 18:37:20] EDIT bestbukpl/models/db.py: 0
[2018-05-15 18:41:28] EDIT bestbukpl/controllers/default.py: -4
[2018-05-15 18:42:13] EDIT bestbukpl/views/default/kursy.html: 0
[2018-05-15 18:43:33] EDIT bestbukpl/models/db.py: 0
[2018-05-15 18:45:03] EDIT bestbukpl/models/db.py: 0
[2018-05-15 18:45:26] EDIT bestbukpl/models/db.py: 0
[2018-05-15 18:45:41] EDIT bestbukpl/models/db.py: 0
[2018-05-15 18:46:04] EDIT bestbukpl/controllers/default.py: 0
[2018-05-15 18:53:41] EDIT bestbukpl/models/db.py: 0
[2018-05-15 18:54:38] EDIT bestbukpl/models/db.py: 0
[2018-05-15 18:54:47] EDIT bestbukpl/models/db.py: 0
[2018-05-15 18:55:59] EDIT bestbukpl/models/db.py: 0
[2018-05-15 20:08:42] EDIT bestbukpl/controllers/default.py: 3
[2018-05-15 20:21:03] EDIT bestbukpl/controllers/default.py: 3
[2018-05-15 20:21:35] CREATE default/kursy_game.html: 0
[2018-05-15 20:22:40] EDIT bestbukpl/views/default/kursy_game.html: 63
[2018-05-15 20:23:23] EDIT bestbukpl/views/default/kursy_game.html: 1
[2018-05-15 20:23:53] EDIT bestbukpl/views/default/kursy_game.html: 0
[2018-05-15 20:24:07] EDIT bestbukpl/views/default/kursy_game.html: 0
[2018-05-15 20:36:33] EDIT bestbukpl/controllers/default.py: 2
[2018-05-15 20:37:17] EDIT bestbukpl/views/default/kursy_game.html: 2
[2018-05-15 20:37:38] EDIT bestbukpl/views/default/kursy_game.html: 1
[2018-05-15 20:38:40] EDIT bestbukpl/views/default/kursy_game.html: 0
[2018-05-15 20:39:10] EDIT bestbukpl/views/default/kursy_game.html: 1
[2018-05-15 20:39:19] EDIT bestbukpl/views/default/kursy_game.html: -2
[2018-05-15 20:39:39] EDIT bestbukpl/views/default/kursy_game.html: 2
[2018-05-15 20:39:50] EDIT bestbukpl/views/default/kursy_game.html: 0
[2018-05-15 20:40:50] EDIT bestbukpl/views/default/kursy_game.html: 1
[2018-05-15 20:41:08] EDIT bestbukpl/views/default/kursy_game.html: -1
[2018-05-15 20:42:43] EDIT bestbukpl/views/default/kursy_game.html: -6
[2018-05-15 20:43:56] EDIT bestbukpl/views/default/kursy_game.html: 2
[2018-05-15 20:49:04] EDIT bestbukpl/views/default/kursy_game.html: 0
[2018-05-15 20:49:26] EDIT bestbukpl/views/default/kursy_game.html: 0
[2018-05-15 20:50:10] EDIT bestbukpl/views/default/kursy_game.html: 0
[2018-05-15 20:50:27] EDIT bestbukpl/views/default/kursy_game.html: -2
[2018-05-15 20:55:04] EDIT bestbukpl/views/default/kursy_game.html: 18
[2018-05-15 20:55:45] EDIT bestbukpl/views/default/kursy_game.html: 9
[2018-05-16 12:50:30] EDIT bestbukpl/views/default/kursy.html: 0
[2018-05-16 20:39:55] EDIT bestbukpl/views/default/kursy.html: 0
[2018-05-16 20:41:26] EDIT bestbukpl/views/default/kursy.html: 0
[2018-05-16 20:41:36] EDIT bestbukpl/views/default/kursy.html: 0
[2018-05-16 20:41:46] EDIT bestbukpl/views/default/kursy.html: 0
[2018-05-17 17:10:02] EDIT bestbukpl/controllers/default.py: 2
[2018-05-17 17:10:21] EDIT bestbukpl/controllers/default.py: 0
[2018-05-17 17:10:24] EDIT bestbukpl/controllers/default.py: 0
[2018-05-17 17:10:39] EDIT bestbukpl/controllers/default.py: 2
[2018-05-17 17:18:09] EDIT bestbukpl/views/default/kursy_game.html: 8
[2018-05-17 17:19:57] EDIT bestbukpl/views/default/kursy_game.html: 0
[2018-05-17 17:20:19] EDIT bestbukpl/controllers/default.py: 0
[2018-05-17 17:20:44] EDIT bestbukpl/views/default/kursy_game.html: 0
[2018-05-17 17:21:24] EDIT bestbukpl/views/default/kursy_game.html: 0
[2018-05-17 17:21:35] EDIT bestbukpl/views/default/kursy_game.html: 1
[2018-05-17 17:21:48] EDIT bestbukpl/views/default/kursy_game.html: 0
[2018-05-17 17:22:12] EDIT bestbukpl/views/default/kursy_game.html: 0
[2018-05-17 17:22:27] EDIT bestbukpl/views/default/kursy_game.html: 0
[2018-05-17 17:26:34] EDIT bestbukpl/controllers/default.py: 1
[2018-05-17 17:28:42] EDIT bestbukpl/views/default/kursy_game.html: 1
[2018-05-17 17:29:09] EDIT bestbukpl/views/default/kursy_game.html: 0
[2018-05-17 17:29:18] EDIT bestbukpl/views/default/kursy_game.html: 0
[2018-05-17 17:32:36] EDIT bestbukpl/views/default/kursy_game.html: 0
[2018-05-17 17:33:26] EDIT bestbukpl/views/default/kursy_game.html: 1
[2018-05-17 17:33:52] EDIT bestbukpl/controllers/default.py: 0
[2018-05-17 17:34:20] EDIT bestbukpl/controllers/default.py: 0
[2018-05-17 17:34:49] EDIT bestbukpl/controllers/default.py: 0
[2018-05-17 17:45:56] EDIT bestbukpl/views/default/kursy_game.html: 0
[2018-05-17 17:47:50] EDIT bestbukpl/controllers/default.py: 1
[2018-05-17 17:52:45] EDIT bestbukpl/views/default/kursy_game.html: 8
[2018-05-17 17:53:39] EDIT bestbukpl/views/default/kursy_game.html: 0
[2018-05-17 17:54:52] EDIT bestbukpl/views/default/kursy_game.html: 0
[2018-05-17 17:55:29] EDIT bestbukpl/views/default/kursy_game.html: 0
[2018-05-17 17:55:57] EDIT bestbukpl/views/default/kursy_game.html: 1
[2018-05-17 17:56:17] EDIT bestbukpl/views/default/kursy_game.html: 0
[2018-05-17 17:56:39] EDIT bestbukpl/views/default/kursy_game.html: 0
[2018-05-17 17:56:42] EDIT bestbukpl/views/default/kursy_game.html: 0
[2018-05-17 17:59:08] EDIT bestbukpl/views/default/kursy_game.html: 0
[2018-05-17 18:11:00] EDIT bestbukpl/views/default/kursy_game.html: -1
[2018-05-17 18:11:25] EDIT bestbukpl/views/default/kursy_game.html: 0
[2018-05-17 18:12:00] EDIT bestbukpl/views/default/kursy_game.html: 0
[2018-05-17 18:12:19] EDIT bestbukpl/controllers/default.py: 0
[2018-05-17 18:12:37] EDIT bestbukpl/controllers/default.py: 0
[2018-05-17 18:12:55] EDIT bestbukpl/views/default/kursy_game.html: 1
[2018-05-17 18:14:53] EDIT bestbukpl/views/default/kursy_game.html: -2
[2018-05-17 18:20:15] EDIT bestbukpl/views/default/kursy_game.html: -60
[2018-05-17 18:21:42] EDIT bestbukpl/views/default/kursy_game.html: 0
[2018-05-17 18:22:11] EDIT bestbukpl/views/default/kursy_game.html: 0
[2018-05-17 18:30:24] EDIT bestbukpl/controllers/default.py: 1
[2018-05-17 18:30:40] EDIT bestbukpl/views/default/kursy_game.html: 0
[2018-05-17 18:31:14] EDIT bestbukpl/views/default/kursy_game.html: 0
[2018-05-17 20:25:09] EDIT bestbukpl/controllers/default.py: 1
[2018-05-17 20:25:21] EDIT bestbukpl/controllers/default.py: 0
[2018-05-17 20:25:55] EDIT bestbukpl/views/default/kursy_game.html: 0
[2018-05-17 20:40:39] EDIT bestbukpl/controllers/default.py: 3
[2018-05-17 20:40:57] EDIT bestbukpl/views/default/kursy_game.html: 0
[2018-05-17 20:57:48] EDIT bestbukpl/views/default/kursy_game.html: 3
[2018-05-17 21:05:23] EDIT bestbukpl/views/default/kursy.html: 2
[2018-05-19 20:51:38] EDIT bestbukpl/views/default/kursy_game.html: 2
[2018-05-19 20:52:02] EDIT bestbukpl/views/default/kursy_game.html: 1
[2018-05-19 20:52:36] EDIT bestbukpl/views/default/kursy_game.html: 0
[2018-05-19 20:55:00] EDIT bestbukpl/views/default/kursy_game.html: 0
[2018-05-20 18:50:27] EDIT bestbukpl/views/default/kursy_game.html: 1
[2018-05-20 18:52:27] EDIT bestbukpl/views/default/kursy_game.html: 0
[2018-05-20 18:52:36] EDIT bestbukpl/views/default/kursy_game.html: 0
[2018-05-20 18:53:37] EDIT bestbukpl/views/default/kursy_game.html: 0
[2018-05-20 18:54:04] EDIT bestbukpl/views/default/kursy_game.html: 0
[2018-05-20 19:03:01] EDIT bestbukpl/controllers/default.py: 1
[2018-05-20 19:03:19] EDIT bestbukpl/views/default/kursy_game.html: 1
[2018-05-20 19:06:31] EDIT bestbukpl/controllers/default.py: 1
[2018-05-20 19:06:34] EDIT bestbukpl/controllers/default.py: 0
[2018-05-20 19:06:51] EDIT bestbukpl/views/default/kursy_game.html: 1
[2018-05-20 19:16:59] EDIT bestbukpl/controllers/default.py: 1
[2018-05-20 19:17:35] EDIT bestbukpl/views/default/kursy_game.html: 1
[2018-05-20 19:32:37] EDIT bestbukpl/views/default/kursy_game.html: 0
[2018-05-20 19:35:44] EDIT bestbukpl/views/default/kursy_game.html: 0
[2018-05-20 19:36:11] EDIT bestbukpl/views/default/kursy_game.html: 0
[2018-05-20 19:36:14] EDIT bestbukpl/views/default/kursy_game.html: 0
[2018-05-20 19:38:22] EDIT bestbukpl/views/default/kursy_game.html: 0
[2018-05-20 19:38:49] EDIT bestbukpl/views/default/kursy_game.html: 0
[2018-05-20 19:39:07] EDIT bestbukpl/views/default/kursy_game.html: 0
[2018-05-20 19:39:24] EDIT bestbukpl/views/default/kursy_game.html: 0
[2018-05-20 19:39:48] EDIT bestbukpl/views/default/kursy_game.html: 0
[2018-05-20 19:41:06] EDIT bestbukpl/views/default/kursy_game.html: 0
[2018-05-20 19:41:32] EDIT bestbukpl/views/default/kursy_game.html: 0
[2018-05-20 19:42:09] EDIT bestbukpl/views/default/kursy_game.html: 0
[2018-05-20 19:51:07] EDIT bestbukpl/controllers/default.py: 0
[2018-05-20 19:51:26] EDIT bestbukpl/controllers/default.py: 0
[2018-05-20 19:52:17] EDIT bestbukpl/controllers/default.py: 3
[2018-05-20 19:52:36] EDIT bestbukpl/controllers/default.py: 0
[2018-05-20 19:52:37] EDIT bestbukpl/controllers/default.py: 0
[2018-05-20 19:53:03] EDIT bestbukpl/controllers/default.py: 0
[2018-05-20 19:55:54] EDIT bestbukpl/controllers/default.py: 0
[2018-07-21 07:18:02] EDIT bestbukpl/controllers/default.py: 0
[2018-07-25 18:33:00] EDIT bestbukpl/views/default/kursy.html: 4
[2018-07-25 18:57:29] EDIT bestbukpl/controllers/default.py: 5
[2018-07-25 18:58:44] EDIT bestbukpl/views/default/kursy.html: 5
[2018-07-25 18:58:50] EDIT bestbukpl/views/default/kursy.html: 0
[2018-07-25 18:59:23] EDIT bestbukpl/controllers/default.py: 0
[2018-07-25 19:00:54] EDIT bestbukpl/views/default/kursy.html: 2
[2018-07-25 19:01:59] EDIT bestbukpl/views/default/kursy.html: 0
[2018-07-25 19:03:45] EDIT bestbukpl/views/default/kursy.html: 0
[2018-07-25 19:06:24] EDIT bestbukpl/views/default/kursy.html: 0
[2018-07-25 19:15:41] EDIT bestbukpl/views/default/kursy.html: 0
[2018-07-25 19:17:32] EDIT bestbukpl/views/default/kursy.html: -1
[2018-07-25 20:25:53] EDIT bestbukpl/views/default/kursy.html: 0
[2018-07-25 20:29:16] EDIT bestbukpl/views/default/kursy.html: 1
[2018-07-25 20:31:04] EDIT bestbukpl/controllers/default.py: 0
[2018-07-25 20:31:54] EDIT bestbukpl/views/default/kursy.html: 0
[2018-07-25 20:54:38] EDIT bestbukpl/views/default/kursy.html: 0
[2018-07-25 20:55:11] EDIT bestbukpl/views/default/kursy.html: 0
[2018-07-25 20:55:58] EDIT bestbukpl/views/default/kursy.html: 0
[2018-07-25 20:57:03] EDIT bestbukpl/views/default/kursy.html: 1
[2018-07-25 20:57:37] EDIT bestbukpl/controllers/default.py: 0
[2018-07-25 20:57:57] EDIT bestbukpl/views/default/kursy.html: 0
[2018-07-25 20:58:01] EDIT bestbukpl/views/default/kursy.html: 0
[2018-07-25 20:58:20] EDIT bestbukpl/controllers/default.py: 0
[2018-07-25 20:58:44] EDIT bestbukpl/controllers/default.py: 0
[2018-07-25 20:59:19] EDIT bestbukpl/views/default/kursy.html: -1
[2018-07-27 18:44:02] CREATE test.py: 0
[2018-07-27 18:44:10] CREATE test.html: 0
[2018-07-27 18:44:55] EDIT bestbukpl/models/test.py: 5
[2018-07-27 18:45:15] EDIT bestbukpl/models/test.py: 0
[2018-07-27 18:48:35] EDIT bestbukpl/models/test.py: 2
[2018-07-27 18:48:44] EDIT bestbukpl/models/test.py: 0
[2018-07-27 18:49:10] CREATE test.py: 0
[2018-07-27 18:49:20] EDIT bestbukpl/controllers/test.py: 0
[2018-07-27 19:00:30] EDIT bestbukpl/views/test.html: 0
[2018-07-27 19:00:49] EDIT bestbukpl/views/test.html: 3
[2018-07-27 19:01:23] EDIT bestbukpl/controllers/test.py: 3
[2018-07-27 19:01:28] EDIT bestbukpl/controllers/test.py: 0
[2018-07-27 19:01:37] EDIT bestbukpl/controllers/test.py: 0
[2018-07-27 19:04:23] DELETE bestbukpl/models/test.py: -7
[2018-07-27 19:05:08] CREATE proby.py: 0
[2018-07-27 19:05:41] CREATE proby/index.html: 0
[2018-07-27 19:06:03] EDIT bestbukpl/controllers/proby.py: 0
[2018-07-27 19:07:46] EDIT bestbukpl/views/proby/index.html: 5
[2018-07-27 19:15:12] EDIT bestbukpl/views/proby/index.html: 5
[2018-07-27 19:15:54] EDIT bestbukpl/views/proby/index.html: 2
[2018-07-27 19:17:19] EDIT bestbukpl/views/proby/index.html: 1
[2018-07-27 19:18:39] EDIT bestbukpl/views/proby/index.html: 0
[2018-07-27 19:19:01] EDIT bestbukpl/views/proby/index.html: 0
[2018-07-27 19:27:33] EDIT bestbukpl/controllers/proby.py: 3
[2018-07-27 19:28:04] EDIT bestbukpl/controllers/proby.py: 0
[2018-07-27 19:33:12] EDIT bestbukpl/controllers/proby.py: 3
[2018-07-27 19:33:46] EDIT bestbukpl/controllers/proby.py: 0
[2018-07-27 19:34:01] EDIT bestbukpl/views/proby/index.html: 0
[2018-07-27 19:50:15] EDIT bestbukpl/views/proby/index.html: 3
[2018-07-27 19:50:51] EDIT bestbukpl/controllers/proby.py: 0
[2018-07-27 19:52:20] EDIT bestbukpl/views/proby/index.html: 0
[2018-07-27 19:53:15] EDIT bestbukpl/views/proby/index.html: 0
[2018-07-27 19:54:06] EDIT bestbukpl/views/proby/index.html: -8
[2018-07-27 19:54:41] EDIT bestbukpl/views/proby/index.html: -2
[2018-07-27 19:57:14] EDIT bestbukpl/controllers/proby.py: 0
[2018-07-27 19:57:39] EDIT bestbukpl/controllers/proby.py: 0
[2018-07-27 19:59:13] EDIT bestbukpl/views/proby/index.html: 0
[2018-07-27 19:59:28] EDIT bestbukpl/views/proby/index.html: 0
[2018-07-27 20:00:08] EDIT bestbukpl/controllers/proby.py: 0
[2018-07-27 20:00:26] EDIT bestbukpl/controllers/proby.py: 0
[2018-07-27 20:23:59] EDIT bestbukpl/views/proby/index.html: 0
[2018-07-27 20:38:18] EDIT bestbukpl/views/proby/index.html: 0
[2018-07-27 20:39:14] CREATE js/slip.js: 0
[2018-07-27 20:47:44] EDIT bestbukpl/views/proby/index.html: 0
[2018-07-27 20:47:46] EDIT bestbukpl/static/js/slip.js: 17
[2018-07-27 20:48:43] EDIT bestbukpl/views/layout.html: 1
[2018-07-27 20:55:08] EDIT bestbukpl/static/js/slip.js: 0
[2018-07-27 20:55:37] EDIT bestbukpl/views/proby/index.html: 1
[2018-07-27 20:56:52] EDIT bestbukpl/views/proby/index.html: 0
[2018-07-27 21:02:41] EDIT bestbukpl/static/js/slip.js: 4
[2018-07-27 21:02:55] EDIT bestbukpl/views/proby/index.html: 0
[2018-07-27 21:06:57] EDIT bestbukpl/views/proby/index.html: 3
[2018-07-28 11:53:07] EDIT bestbukpl/controllers/proby.py: 3
[2018-07-28 11:53:35] EDIT bestbukpl/views/proby/index.html: 8
[2018-07-28 11:54:13] EDIT bestbukpl/views/proby/index.html: -4
[2018-07-28 11:54:38] EDIT bestbukpl/controllers/proby.py: 0
[2018-07-28 11:55:09] EDIT bestbukpl/controllers/proby.py: 0
[2018-07-28 11:59:02] EDIT bestbukpl/controllers/proby.py: 0
[2018-07-28 11:59:42] EDIT bestbukpl/views/proby/index.html: 0
[2018-07-28 12:01:16] EDIT bestbukpl/views/proby/index.html: 0
[2018-07-28 12:01:50] EDIT bestbukpl/views/proby/index.html: 0
[2018-07-28 12:05:17] EDIT bestbukpl/views/proby/index.html: 0
[2018-07-28 12:05:42] EDIT bestbukpl/views/proby/index.html: 0
[2018-07-28 12:06:36] EDIT bestbukpl/views/proby/index.html: 0
[2018-07-28 12:07:18] EDIT bestbukpl/views/proby/index.html: 0
[2018-07-28 15:00:19] EDIT bestbukpl/views/proby/index.html: 0
[2018-07-28 15:01:16] EDIT bestbukpl/controllers/proby.py: 0
[2018-07-28 15:02:20] EDIT bestbukpl/controllers/proby.py: 2
[2018-07-28 15:02:36] EDIT bestbukpl/controllers/proby.py: 0
[2018-07-28 15:03:48] EDIT bestbukpl/views/proby/index.html: 0
[2018-07-28 15:04:47] EDIT bestbukpl/views/proby/index.html: 0
[2018-07-28 15:05:29] EDIT bestbukpl/views/proby/index.html: 0
[2018-07-28 15:47:13] EDIT bestbukpl/views/proby/index.html: 0
[2018-07-28 15:47:53] EDIT bestbukpl/views/proby/index.html: 0
[2018-07-28 15:49:01] EDIT bestbukpl/controllers/proby.py: 0
[2018-07-28 15:49:29] EDIT bestbukpl/views/proby/index.html: 0
[2018-07-28 15:57:58] EDIT bestbukpl/views/proby/index.html: -9
[2018-07-28 15:58:24] EDIT bestbukpl/controllers/proby.py: 0
[2018-07-28 15:58:55] EDIT bestbukpl/views/proby/index.html: 0
[2018-07-28 15:59:32] EDIT bestbukpl/controllers/proby.py: 0
[2018-07-28 16:00:57] EDIT bestbukpl/controllers/proby.py: 0
[2018-07-28 16:01:39] EDIT bestbukpl/views/proby/index.html: 0
[2018-07-28 16:01:51] EDIT bestbukpl/controllers/proby.py: 0
[2018-07-28 16:02:03] EDIT bestbukpl/controllers/proby.py: 0
[2018-07-28 16:06:08] EDIT bestbukpl/controllers/proby.py: 0
[2018-07-28 16:08:04] EDIT bestbukpl/views/proby/index.html: 0
[2018-07-28 16:09:39] EDIT bestbukpl/controllers/proby.py: 0
[2018-07-28 16:09:49] EDIT bestbukpl/controllers/proby.py: 0
[2018-07-28 16:13:13] EDIT bestbukpl/views/proby/index.html: 0
[2018-07-28 16:13:44] EDIT bestbukpl/controllers/proby.py: 5
[2018-07-28 16:17:33] CREATE moje.py: 0
[2018-07-28 16:17:44] EDIT bestbukpl/controllers/moje.py: 5
[2018-07-28 16:18:28] CREATE moje/index.html: 0
[2018-07-28 16:21:44] EDIT bestbukpl/controllers/proby.py: 0
[2018-07-28 16:22:21] EDIT bestbukpl/views/proby/index.html: 0
[2018-07-28 16:22:25] EDIT bestbukpl/views/proby/index.html: 0
[2018-07-28 16:22:48] EDIT bestbukpl/controllers/proby.py: 0
[2018-07-28 16:23:35] EDIT bestbukpl/views/proby/index.html: 0
[2018-07-28 16:27:40] EDIT bestbukpl/views/proby/index.html: 2
[2018-07-28 16:28:07] EDIT bestbukpl/views/proby/index.html: 0
[2018-07-28 16:28:37] EDIT bestbukpl/views/proby/index.html: 0
[2018-07-28 16:30:30] EDIT bestbukpl/views/proby/index.html: 0
[2018-07-28 16:35:02] EDIT bestbukpl/controllers/proby.py: 4
[2018-07-28 16:35:08] EDIT bestbukpl/controllers/proby.py: 0
[2018-07-28 16:35:15] EDIT bestbukpl/controllers/proby.py: 0
[2018-07-28 16:38:06] EDIT bestbukpl/views/proby/index.html: 0
[2018-07-28 16:40:49] EDIT bestbukpl/views/proby/index.html: -2
[2018-07-28 16:41:33] CREATE proby/add_session.html: 0
[2018-07-28 16:41:38] EDIT bestbukpl/views/proby/add_session.html: 0
[2018-07-28 16:41:54] EDIT bestbukpl/views/proby/add_session.html: 1
[2018-07-28 16:42:51] EDIT bestbukpl/views/proby/add_session.html: 4
[2018-07-28 16:48:07] EDIT bestbukpl/controllers/proby.py: 1
[2018-07-28 16:48:41] EDIT bestbukpl/controllers/proby.py: 1
[2018-07-28 16:48:59] EDIT bestbukpl/controllers/proby.py: -1
[2018-07-28 16:55:59] EDIT bestbukpl/views/proby/add_session.html: 0
[2018-07-28 16:58:09] EDIT bestbukpl/views/proby/add_session.html: 0
[2018-07-28 16:58:40] EDIT bestbukpl/views/proby/add_session.html: 0
[2018-07-28 17:00:37] EDIT bestbukpl/views/proby/add_session.html: 2
[2018-07-28 17:01:30] EDIT bestbukpl/views/proby/add_session.html: 0
[2018-07-28 17:02:53] EDIT bestbukpl/views/proby/add_session.html: 0
[2018-07-28 17:03:23] EDIT bestbukpl/views/proby/add_session.html: 0
[2018-07-28 17:05:19] EDIT bestbukpl/views/proby/add_session.html: 0
[2018-07-28 17:07:24] EDIT bestbukpl/views/proby/add_session.html: 3
[2018-07-28 17:10:25] EDIT bestbukpl/views/proby/add_session.html: 5
[2018-07-28 17:11:23] EDIT bestbukpl/views/proby/add_session.html: 0
[2018-07-28 17:14:33] EDIT bestbukpl/controllers/proby.py: 4
[2018-07-28 17:18:30] EDIT bestbukpl/controllers/proby.py: 0
[2018-07-28 17:21:31] EDIT bestbukpl/views/proby/add_session.html: 1
[2018-07-28 17:21:50] EDIT bestbukpl/views/proby/add_session.html: 3
[2018-07-28 17:22:17] EDIT bestbukpl/views/proby/add_session.html: 0
[2018-07-28 17:22:36] EDIT bestbukpl/views/proby/add_session.html: 0
[2018-07-28 17:39:33] EDIT bestbukpl/views/proby/add_session.html: 14
[2018-07-28 17:40:33] EDIT bestbukpl/views/proby/add_session.html: 0
[2018-07-28 18:08:16] EDIT bestbukpl/views/proby/add_session.html: 3
[2018-07-28 18:08:32] EDIT bestbukpl/views/proby/add_session.html: 0
[2018-07-28 18:09:23] EDIT bestbukpl/controllers/proby.py: 0
[2018-07-28 18:09:36] EDIT bestbukpl/views/proby/add_session.html: 2
[2018-07-28 18:10:18] EDIT bestbukpl/controllers/proby.py: 2
[2018-07-28 18:11:21] EDIT bestbukpl/controllers/proby.py: 0
[2018-08-11 07:44:14] CREATE proby/one.html: 0
[2018-08-11 07:44:28] EDIT bestbukpl/views/proby/one.html: 2
[2018-08-11 07:44:55] EDIT bestbukpl/controllers/proby.py: 4
[2018-08-11 07:45:00] EDIT bestbukpl/views/proby/one.html: 0
[2018-08-11 07:48:25] EDIT bestbukpl/views/proby/one.html: 0
[2018-08-11 07:48:48] EDIT bestbukpl/views/proby/one.html: 0
[2018-08-11 08:00:25] EDIT bestbukpl/views/proby/one.html: 6
[2018-08-11 08:01:30] EDIT bestbukpl/views/proby/one.html: 0
[2018-08-11 08:01:59] EDIT bestbukpl/views/proby/one.html: 0
[2018-08-11 08:02:46] EDIT bestbukpl/controllers/proby.py: 0
[2018-08-11 08:03:08] EDIT bestbukpl/controllers/proby.py: 0
[2018-08-11 08:33:06] EDIT bestbukpl/views/proby/add_session.html: 0
[2018-08-11 08:34:12] EDIT bestbukpl/views/proby/add_session.html: 0
[2018-08-11 09:10:58] EDIT bestbukpl/views/proby/add_session.html: 30
[2018-08-11 09:38:38] EDIT bestbukpl/views/proby/add_session.html: 0
[2018-08-11 09:41:29] EDIT bestbukpl/controllers/proby.py: 0
[2018-08-11 09:42:52] EDIT bestbukpl/controllers/proby.py: 3
[2018-08-11 09:43:12] EDIT bestbukpl/controllers/proby.py: 0
[2018-08-11 09:43:34] EDIT bestbukpl/controllers/proby.py: 0
[2018-08-11 09:56:05] EDIT bestbukpl/views/proby/add_session.html: 0
[2018-08-11 10:00:43] EDIT bestbukpl/controllers/proby.py: 4
[2018-08-11 10:01:07] EDIT bestbukpl/views/proby/add_session.html: 0
[2018-08-11 10:01:59] EDIT bestbukpl/controllers/proby.py: 0
[2018-08-11 10:03:08] EDIT bestbukpl/controllers/proby.py: 0
[2018-08-11 10:04:27] EDIT bestbukpl/controllers/proby.py: 0
[2018-08-11 10:05:10] EDIT bestbukpl/controllers/proby.py: 0
[2018-08-11 10:23:48] EDIT bestbukpl/controllers/proby.py: 1
[2018-08-11 10:24:24] EDIT bestbukpl/controllers/proby.py: -1
[2018-08-11 10:24:31] EDIT bestbukpl/controllers/proby.py: 0
[2018-08-11 10:31:21] EDIT bestbukpl/controllers/proby.py: 0
[2018-08-11 10:31:27] EDIT bestbukpl/controllers/proby.py: 0
[2018-08-11 10:34:18] EDIT bestbukpl/views/proby/add_session.html: 4
[2018-08-11 10:34:39] EDIT bestbukpl/views/proby/add_session.html: 0
[2018-08-11 10:35:05] EDIT bestbukpl/views/proby/add_session.html: 0
[2018-08-11 10:38:22] EDIT bestbukpl/views/proby/add_session.html: 0
[2018-08-11 10:39:57] EDIT bestbukpl/views/proby/add_session.html: 0
[2018-08-16 17:47:43] EDIT bestbukpl/views/proby/add_session.html: 30
[2018-08-16 17:49:04] EDIT bestbukpl/views/proby/add_session.html: 2
[2018-08-16 17:49:39] EDIT bestbukpl/views/proby/add_session.html: -2
[2018-08-16 18:10:05] EDIT bestbukpl/views/layout.html: 94
[2018-08-16 18:10:28] EDIT bestbukpl/views/layout.html: -94
[2018-08-16 18:10:36] EDIT bestbukpl/views/proby/add_session.html: 94
[2018-08-16 18:10:56] EDIT bestbukpl/views/proby/add_session.html: 0
[2018-08-16 18:13:22] CREATE css/bootstrap.min_ll: 0
[2018-08-16 18:13:41] EDIT bestbukpl/static/css/bootstrap.min_ll: 5
[2018-08-16 18:14:13] EDIT bestbukpl/views/proby/add_session.html: 1
[2018-08-16 18:17:27] EDIT bestbukpl/views/proby/add_session.html: 2
[2018-08-16 18:26:27] EDIT bestbukpl/views/proby/add_session.html: 2
[2018-08-16 18:26:46] EDIT bestbukpl/views/proby/add_session.html: 0
[2018-08-16 18:27:16] EDIT bestbukpl/views/proby/add_session.html: 0
[2018-08-16 18:31:45] EDIT bestbukpl/views/proby/add_session.html: -30
[2018-08-16 18:32:51] EDIT bestbukpl/views/proby/add_session.html: -94
[2018-08-16 18:34:49] EDIT bestbukpl/views/proby/add_session.html: -1
[2018-08-16 18:34:56] EDIT bestbukpl/views/proby/add_session.html: 0
[2018-08-16 18:38:12] EDIT bestbukpl/views/proby/add_session.html: 0
[2018-08-16 18:38:28] EDIT bestbukpl/views/proby/add_session.html: 0
[2018-08-16 18:38:48] EDIT bestbukpl/views/proby/add_session.html: 0
[2018-08-16 18:39:08] EDIT bestbukpl/views/proby/add_session.html: 0
[2018-08-16 18:39:37] EDIT bestbukpl/views/proby/add_session.html: 0
[2018-08-16 18:42:08] EDIT bestbukpl/views/proby/add_session.html: 0
[2018-08-16 18:42:45] EDIT bestbukpl/views/proby/add_session.html: 0
[2018-08-16 21:44:30] EDIT bestbukpl/views/proby/add_session.html: 30
[2018-08-16 21:48:34] EDIT bestbukpl/views/proby/add_session.html: -4
[2018-08-16 21:49:00] EDIT bestbukpl/views/proby/add_session.html: 4
[2018-08-31 18:22:52] EDIT bestbukpl/views/proby/add_session.html: 8
[2018-08-31 19:56:40] EDIT bestbukpl/views/proby/add_session.html: 0
[2018-08-31 19:57:10] EDIT bestbukpl/views/proby/add_session.html: 0
[2018-08-31 20:23:39] EDIT bestbukpl/views/proby/add_session.html: -11
[2018-08-31 20:25:08] EDIT bestbukpl/views/proby/add_session.html: -32
[2018-08-31 20:25:36] EDIT bestbukpl/views/proby/add_session.html: 0
[2018-08-31 20:26:28] EDIT bestbukpl/views/proby/add_session.html: 0
[2018-08-31 20:59:58] EDIT bestbukpl/views/proby/add_session.html: 0
[2018-08-31 21:00:28] EDIT bestbukpl/views/proby/add_session.html: 0
[2018-08-31 21:15:36] EDIT bestbukpl/views/proby/add_session.html: 3
[2018-08-31 21:16:41] EDIT bestbukpl/views/proby/add_session.html: 0
[2018-08-31 21:17:51] EDIT bestbukpl/views/proby/add_session.html: 0
[2018-08-31 21:18:25] EDIT bestbukpl/views/proby/add_session.html: 0
[2018-08-31 21:18:40] EDIT bestbukpl/views/proby/add_session.html: 0
[2018-08-31 21:19:44] EDIT bestbukpl/views/proby/add_session.html: 2
[2018-08-31 21:20:50] EDIT bestbukpl/views/proby/add_session.html: 0
[2018-08-31 21:20:54] EDIT bestbukpl/views/proby/add_session.html: 0
[2018-08-31 21:21:06] EDIT bestbukpl/views/proby/add_session.html: 0
[2018-08-31 21:26:51] EDIT bestbukpl/views/proby/add_session.html: 0
[2018-08-31 21:27:54] EDIT bestbukpl/views/proby/add_session.html: 0
[2018-08-31 21:29:32] EDIT bestbukpl/views/proby/add_session.html: 0
[2018-08-31 21:29:44] EDIT bestbukpl/views/proby/add_session.html: 0
[2018-09-01 10:58:08] EDIT bestbukpl/views/proby/add_session.html: 0
[2018-09-01 10:58:59] EDIT bestbukpl/views/proby/add_session.html: -1
[2018-09-01 11:05:01] EDIT bestbukpl/controllers/proby.py: 6
[2018-09-01 11:05:53] EDIT bestbukpl/views/proby/add_session.html: 5
[2018-09-01 11:17:32] EDIT bestbukpl/controllers/proby.py: 6
[2018-09-01 11:17:36] EDIT bestbukpl/views/proby/add_session.html: 4
[2018-09-01 11:21:08] EDIT bestbukpl/controllers/proby.py: 0
[2018-09-01 17:45:35] EDIT bestbukpl/views/proby/add_session.html: 0
[2018-09-01 17:46:06] EDIT bestbukpl/views/proby/add_session.html: 0
[2018-09-01 17:49:24] EDIT bestbukpl/views/proby/add_session.html: 0
[2018-09-01 17:50:30] EDIT bestbukpl/views/proby/add_session.html: 0
[2018-09-01 17:57:35] EDIT bestbukpl/views/proby/add_session.html: 0
[2018-09-01 17:57:48] EDIT bestbukpl/views/proby/add_session.html: 0
[2018-09-01 17:58:11] EDIT bestbukpl/views/proby/add_session.html: 0
[2018-09-01 20:05:44] EDIT bestbukpl/views/proby/add_session.html: -2
[2018-09-01 20:06:22] EDIT bestbukpl/views/proby/add_session.html: 1
[2018-09-01 20:06:37] EDIT bestbukpl/views/proby/add_session.html: 0
[2018-09-01 20:09:50] EDIT bestbukpl/views/proby/add_session.html: 13
[2018-09-01 20:10:37] EDIT bestbukpl/views/proby/add_session.html: 0
[2018-09-01 20:12:37] EDIT bestbukpl/views/proby/add_session.html: 0
[2018-09-01 20:13:19] EDIT bestbukpl/views/proby/add_session.html: 0
[2018-09-01 20:14:20] EDIT bestbukpl/views/proby/add_session.html: 1
[2018-09-01 20:15:15] EDIT bestbukpl/views/proby/add_session.html: 0
[2018-09-01 20:15:39] EDIT bestbukpl/views/proby/add_session.html: 0
[2018-09-01 20:16:09] EDIT bestbukpl/views/proby/add_session.html: 0
[2018-09-01 20:16:34] EDIT bestbukpl/views/proby/add_session.html: 0
[2018-09-01 20:17:03] EDIT bestbukpl/views/proby/add_session.html: 0
[2018-09-01 20:17:49] EDIT bestbukpl/views/proby/add_session.html: 0
[2018-09-01 20:18:38] EDIT bestbukpl/views/proby/add_session.html: 0
[2018-09-01 20:20:30] EDIT bestbukpl/controllers/proby.py: 0
[2018-09-01 20:21:54] EDIT bestbukpl/controllers/proby.py: 0
[2018-09-01 20:21:58] EDIT bestbukpl/controllers/proby.py: 0
[2018-09-01 20:22:40] EDIT bestbukpl/views/proby/add_session.html: 0
[2018-09-01 20:23:02] EDIT bestbukpl/views/proby/add_session.html: 0
[2018-09-01 20:23:30] EDIT bestbukpl/views/proby/add_session.html: 0
[2018-09-01 20:24:14] EDIT bestbukpl/views/proby/add_session.html: 0
[2018-09-01 20:24:28] EDIT bestbukpl/views/proby/add_session.html: 0
[2018-09-01 20:24:44] EDIT bestbukpl/views/proby/add_session.html: 0
[2018-09-01 20:25:18] EDIT bestbukpl/views/proby/add_session.html: 0
[2018-09-01 20:25:31] EDIT bestbukpl/views/proby/add_session.html: 0
[2018-09-01 20:26:18] EDIT bestbukpl/views/proby/add_session.html: -1
[2018-09-01 20:38:37] EDIT bestbukpl/controllers/default.py: 4
[2018-09-01 20:39:12] EDIT bestbukpl/views/default/kursy.html: -9
[2018-09-01 20:43:06] EDIT bestbukpl/controllers/default.py: 4
[2018-09-01 20:47:38] EDIT bestbukpl/views/default/kursy.html: 1
[2018-09-01 20:48:10] EDIT bestbukpl/views/default/kursy.html: 0
[2018-09-01 20:48:35] EDIT bestbukpl/views/default/kursy.html: 0
[2018-09-05 19:36:13] EDIT bestbukpl/views/proby/add_session.html: 0
[2018-09-05 19:38:07] EDIT bestbukpl/controllers/proby.py: 1
[2018-09-05 19:38:41] EDIT bestbukpl/views/proby/add_session.html: 0
[2018-09-05 19:39:33] EDIT bestbukpl/controllers/proby.py: 1
[2018-09-05 19:53:19] EDIT bestbukpl/controllers/proby.py: 1
[2018-09-05 19:53:27] EDIT bestbukpl/controllers/proby.py: 0
[2018-09-05 21:22:04] EDIT bestbukpl/views/proby/add_session.html: 0
[2018-09-05 21:23:46] EDIT bestbukpl/views/proby/add_session.html: 0
[2018-09-05 21:24:45] EDIT bestbukpl/views/proby/add_session.html: 1
[2018-09-05 21:25:07] EDIT bestbukpl/views/proby/add_session.html: 1
[2018-09-05 21:28:37] EDIT bestbukpl/views/proby/add_session.html: 0
[2018-09-05 21:35:19] EDIT bestbukpl/views/proby/add_session.html: 0
[2018-09-05 21:35:59] EDIT bestbukpl/controllers/proby.py: 2
[2018-09-05 21:36:49] EDIT bestbukpl/views/proby/add_session.html: 0
[2018-09-05 21:38:50] EDIT bestbukpl/controllers/proby.py: 3
[2018-09-05 21:39:42] EDIT bestbukpl/views/proby/add_session.html: 0
[2018-09-13 18:06:25] EDIT bestbukpl/controllers/proby.py: 2
[2018-09-13 18:06:59] EDIT bestbukpl/views/proby/add_session.html: 0
[2018-09-13 18:08:45] EDIT bestbukpl/views/proby/add_session.html: 0
[2018-09-13 18:09:52] EDIT bestbukpl/views/proby/add_session.html: 0
[2018-09-13 18:11:43] EDIT bestbukpl/views/proby/add_session.html: 0
[2018-09-13 18:19:51] EDIT bestbukpl/views/proby/add_session.html: 0
[2018-09-13 20:42:35] EDIT bestbukpl/views/proby/add_session.html: 1
