INFO:root:Nieznana nazwa: US Quevilly Rouen Metropole
INFO:root:Nieznana nazwa: AJ Auxerre
INFO:root:Nieznana nazwa: Stade Brestois
INFO:root:Nieznana nazwa: AS Nancy Lorraine
INFO:root:Nieznana nazwa: Chamois Niortais FC
INFO:root:Nieznana nazwa: Le Havre AC
INFO:root:Nieznana nazwa: Clermont Foot
INFO:root:Nieznana nazwa: Stade Reims
INFO:root:Nieznana nazwa: LB Chateauroux
INFO:root:Nieznana nazwa: Tours FC
INFO:root:Nieznana nazwa: Valenciennes FC
INFO:root:Nieznana nazwa: US Orleans
INFO:root:Nieznana nazwa: Nimes Olympique
INFO:root:Nieznana nazwa: FC Sochaux Montbeliard
INFO:root:Nieznana nazwa: RC Lens
INFO:root:Nieznana nazwa: FC Bourg Peronnas
INFO:root:Nieznana nazwa: copa-del-rey
INFO:root:Nieznana nazwa: AS Nancy Lorraine
INFO:root:Nieznana nazwa: Stade Reims
INFO:root:Nieznana nazwa: Lierse SK
INFO:root:Nieznana nazwa: FCO Beerschot Wilrijk
INFO:root:Nieznana nazwa: Oud-Heverlee Leuven
INFO:root:Nieznana nazwa: RC Lens
INFO:root:Nieznana nazwa: LB Chateauroux
INFO:root:Nieznana nazwa: copa-del-rey
INFO:root:Nieznana nazwa: Clermont Foot
INFO:root:Nieznana nazwa: Chamois Niortais FC
INFO:root:Nieznana nazwa: FC Bourg Peronnas
INFO:root:Nieznana nazwa: Tours FC
INFO:root:Nieznana nazwa: FC Sochaux Montbeliard
INFO:root:Nieznana nazwa: US Orleans
INFO:root:Nieznana nazwa: AJ Auxerre
INFO:root:Nieznana nazwa: LB Chateauroux
INFO:root:Nieznana nazwa: Stade Brestois
INFO:root:Nieznana nazwa: Valenciennes FC
INFO:root:Nieznana nazwa: US Quevilly Rouen Metropole
INFO:root:Nieznana nazwa: Nimes Olympique
INFO:root:Nieznana nazwa: Stade Reims
INFO:root:Nieznana nazwa: Le Havre AC
INFO:root:Nieznana nazwa: FCO Beerschot Wilrijk
INFO:root:Nieznana nazwa: Oud-Heverlee Leuven
INFO:root:Nieznana nazwa: Lierse SK
INFO:root:Nieznana nazwa: RC Lens
INFO:root:Nieznana nazwa: AS Nancy Lorraine
INFO:root:Nieznana nazwa: copa-del-rey
INFO:root:Nieznana nazwa: Stade Reims
INFO:root:Nieznana nazwa: Le Havre AC
INFO:root:Nieznana nazwa: FCO Beerschot Wilrijk
INFO:root:Nieznana nazwa: Oud-Heverlee Leuven
INFO:root:Nieznana nazwa: Lierse SK
INFO:root:Nieznana nazwa: RC Lens
INFO:root:Nieznana nazwa: AS Nancy Lorraine
INFO:root:Nieznana nazwa: copa-del-rey
INFO:root:Nieznana nazwa: Lierse SK
INFO:root:Nieznana nazwa: Oud-Heverlee Leuven
INFO:root:Nieznana nazwa: FCO Beerschot Wilrijk
INFO:root:Nieznana nazwa: Chamois Niortais FC
INFO:root:Nieznana nazwa: AS Nancy Lorraine
INFO:root:Nieznana nazwa: US Orleans
INFO:root:Nieznana nazwa: Clermont Foot
INFO:root:Nieznana nazwa: FC Bourg Peronnas
INFO:root:Nieznana nazwa: FC Sochaux Montbeliard
INFO:root:Nieznana nazwa: Valenciennes FC
INFO:root:Nieznana nazwa: LB Chateauroux
INFO:root:Nieznana nazwa: Stade Brestois
INFO:root:Nieznana nazwa: Le Havre AC
INFO:root:Nieznana nazwa: Tours FC
INFO:root:Nieznana nazwa: RC Lens
INFO:root:Nieznana nazwa: AJ Auxerre
INFO:root:Nieznana nazwa: Stade Reims
INFO:root:Nieznana nazwa: Nimes Olympique
INFO:root:Nieznana nazwa: US Quevilly Rouen Metropole
INFO:root:Nieznana nazwa: FC Dordrecht
INFO:root:Nieznana nazwa: Almere City FC
INFO:root:Nieznana nazwa: Oud-Heverlee Leuven
INFO:root:Nieznana nazwa: FC Dordrecht
INFO:root:Nieznana nazwa: Almere City FC
INFO:root:Nieznana nazwa: Oud-Heverlee Leuven
INFO:root:Nieznana nazwa: FC Dordrecht
INFO:root:Nieznana nazwa: Almere City FC
INFO:root:Nieznana nazwa: Livingston FC
INFO:root:Nieznana nazwa: Oud-Heverlee Leuven
INFO:root:Nieznana nazwa: FC Emmen
INFO:root:Nieznana nazwa: Livingston FC
INFO:root:Nieznana nazwa: Oud-Heverlee Leuven
INFO:root:Nieznana nazwa: FCO Beerschot Wilrijk
INFO:root:Nieznana nazwa: Oud-Heverlee Leuven
INFO:root:Nieznana nazwa: Le Havre AC
INFO:root:Nieznana nazwa: FCO Beerschot Wilrijk
INFO:root:Nieznana nazwa: FC Emmen
INFO:root:Nieznana nazwa: Livingston FC
INFO:root:Nieznana nazwa: Grenoble Foot 38
INFO:root:Nieznana nazwa: FC Bourg Peronnas
