WARNING:root:ERROR dla: /pl/zaklady_live/spotkanie/index.html?id=799647
WARNING:root:Pi³ka no¿na | Liga Europy | Marseille - Atl.Madryt
WARNING:root:Nieznany zaklad: zwyciestwo
WARNING:root:Pi³ka no¿na | Liga Europy | Marseille - Atl.Madryt
WARNING:root:Nieznany zaklad: 1.po³owa liczba ¿ó³tych kartek
WARNING:root:Pi³ka no¿na | Liga Europy | Marseille - Atl.Madryt
WARNING:root:Nieznany zaklad: 2.po³owa liczba ¿ó³tych kartek
WARNING:root:Pi³ka no¿na | Liga Europy | Marseille - Atl.Madryt
WARNING:root:Nieznany zaklad: 1.po³owa liczba rzutów ro¿nych
WARNING:root:Pi³ka no¿na | Liga Europy | Marseille - Atl.Madryt
WARNING:root:Nieznany zaklad: 2.po³owa liczba rzutów ro¿nych
WARNING:root:ERROR dla: /pl/zaklady_live/spotkanie/index.html?id=799647
WARNING:root:ERROR dla: /pl/zaklady_live/spotkanie/index.html?id=799647
WARNING:root:ERROR dla: /pl/zaklady_live/spotkanie/index.html?id=799647
WARNING:root:ERROR dla: /pl/zaklady_live/spotkanie/index.html?id=799647
WARNING:root:ERROR dla: /pl/zaklady_live/spotkanie/index.html?id=799647
WARNING:root:ERROR dla: /pl/zaklady_live/spotkanie/index.html?id=799647
WARNING:root:Pi³ka no¿na | Liga Mistrzow | Real M. - Liverpool
WARNING:root:Nieznany zaklad: zwyciestwo
INFO:root:Nieznana nazwa: Rozwoj Kat.
INFO:root:Nieznana nazwa: L.Legionowo
INFO:root:Nieznana nazwa: L.Legionowo
INFO:root:Nieznana nazwa: Rozwoj Kat.
INFO:root:Nieznana nazwa: OH Leuven
INFO:root:Nieznana nazwa: Beerschot
WARNING:root:ERROR dla: /pl/zaklady_live/spotkanie/index.html?id=799647
WARNING:root:ERROR dla: /pl/zaklady_live/spotkanie/index.html?id=799647
WARNING:root:ERROR dla: /pl/zaklady_live/spotkanie/index.html?id=799647
WARNING:root:ERROR dla: /pl/zaklady_live/spotkanie/index.html?id=799647
WARNING:root:ERROR dla: /pl/zaklady_live/spotkanie/index.html?id=798903
WARNING:root:ERROR dla: /pl/zaklady_live/spotkanie/index.html?id=799647
WARNING:root:ERROR dla: /pl/zaklady_live/spotkanie/index.html?id=799647
WARNING:root:ERROR dla: /pl/zaklady_live/spotkanie/index.html?id=799647
WARNING:root:ERROR dla: /pl/zaklady_live/spotkanie/index.html?id=799647
INFO:root:Nieznana nazwa: Brommap.
INFO:root:Nieznana nazwa: Trelleborg
INFO:root:Nieznana nazwa: Dalkurd
WARNING:root:ERROR dla: /pl/zaklady_live/spotkanie/index.html?id=799647
WARNING:root:ERROR dla: /pl/zaklady_live/spotkanie/index.html?id=798820
WARNING:root:ERROR dla: /pl/zaklady_live/spotkanie/index.html?id=799647
WARNING:root:ERROR dla: /pl/zaklady_live/spotkanie/index.html?id=799647
INFO:root:Nieznana nazwa: Liga Narodow UEFA
INFO:root:Nieznana nazwa: Liga Narodow UEFA
INFO:root:Nieznana nazwa: Liga Narodow UEFA
INFO:root:Nieznana nazwa: Liga Narodow UEFA
INFO:root:Nieznana nazwa: Rosja
INFO:root:Nieznana nazwa: Liga Narodow UEFA
INFO:root:Nieznana nazwa: Irlandia P³n.
INFO:root:Nieznana nazwa: Boœnia i Herc.
INFO:root:Nieznana nazwa: Liga Narodow UEFA
INFO:root:Nieznana nazwa: Liga Narodow UEFA
INFO:root:Nieznana nazwa: Liga Narodow UEFA
WARNING:root:Pi³ka no¿na | Liga Mistrzow | Real M. - Liverpool
WARNING:root:Nieznany zaklad: zwyciestwo
WARNING:root:Pi³ka no¿na | Liga Mistrzow | Real M. - Liverpool
WARNING:root:Nieznany zaklad: zwyciestwo
WARNING:root:Pi³ka no¿na | Liga Mistrzow | Real M. - Liverpool
WARNING:root:Nieznany zaklad: zwyciestwo
WARNING:root:Pi³ka no¿na | Liga Mistrzow | Real M. - Liverpool
WARNING:root:Nieznany zaklad: zwyciestwo
WARNING:root:Pi³ka no¿na | Liga Mistrzow | Real M. - Liverpool
WARNING:root:Nieznany zaklad: zwyciestwo
WARNING:root:Pi³ka no¿na | Liga Mistrzow | Real M. - Liverpool
WARNING:root:Nieznany zaklad: zwyciestwo
WARNING:root:Pi³ka no¿na | Liga Mistrzow | Real M. - Liverpool
WARNING:root:Nieznany zaklad: zwyciestwo
WARNING:root:Pi³ka no¿na | Liga Mistrzow | Real M. - Liverpool
WARNING:root:Nieznany zaklad: zwyciestwo
INFO:root:Nieznana nazwa: L.Legionowo
INFO:root:Nieznana nazwa: Rozwoj Kat.
INFO:root:Nieznana nazwa: OH Leuven
INFO:root:Nieznana nazwa: Beerschot
INFO:root:Nieznana nazwa: Torp.Minsk
INFO:root:Nieznana nazwa: Smolevichy STI
INFO:root:Nieznana nazwa: Ceará CE
INFO:root:Nieznana nazwa: Am.Mineiro MG
INFO:root:Nieznana nazwa: Paraná PR
INFO:root:Nieznana nazwa: Internacional RS
INFO:root:Nieznana nazwa: U.La Calera
WARNING:root:ERROR dla: /pl/strona_glowna/pilka-nozna/2018-05-18-s-belupo---osijek-17124134
WARNING:root:ERROR dla: /pl/zaklady_live/spotkanie/index.html?id=801057
WARNING:root:ERROR dla: /pl/zaklady_live/spotkanie/index.html?id=801058
WARNING:root:Pi³ka no¿na | Liga Mistrzow | Real M. - Liverpool
WARNING:root:Nieznany zaklad: zwyciestwo
WARNING:root:Pi³ka no¿na | Liga Mistrzow | Real M. - Liverpool
WARNING:root:Nieznany zaklad: zwyciestwo
WARNING:root:Pi³ka no¿na | Liga Mistrzow | Real M. - Liverpool
WARNING:root:Nieznany zaklad: zwyciestwo
WARNING:root:ERROR dla: /pl/zaklady_live/spotkanie/index.html?id=801510
WARNING:root:Pi³ka no¿na | Liga Mistrzow | Real M. - Liverpool
WARNING:root:Nieznany zaklad: zwyciestwo
WARNING:root:Pi³ka no¿na | Liga Mistrzow | Real M. - Liverpool
WARNING:root:Nieznany zaklad: zwyciestwo
INFO:root:Nieznana nazwa: Brommap.
INFO:root:Nieznana nazwa: Trelleborg
INFO:root:Nieznana nazwa: Dalkurd
WARNING:root:ERROR dla: /pl/zaklady_live/spotkanie/index.html?id=801094
WARNING:root:ERROR dla: /pl/zaklady_live/spotkanie/index.html?id=801095
WARNING:root:ERROR dla: /pl/zaklady_live/spotkanie/index.html?id=801096
WARNING:root:ERROR dla: /pl/zaklady_live/spotkanie/index.html?id=801097
WARNING:root:ERROR dla: /pl/zaklady_live/spotkanie/index.html?id=801098
WARNING:root:Pi³ka no¿na | 1.Walia | Cefn Druids - Cardiff MU
WARNING:root:Nieznany zaklad: zwyciezca
WARNING:root:Pi³ka no¿na | 2.Anglia | Fulham - Aston Villa
WARNING:root:Nieznany zaklad: zwyciezca
WARNING:root:Pi³ka no¿na | Liga Mistrzow | Real M. - Liverpool
WARNING:root:Nieznany zaklad: zwyciestwo
WARNING:root:Pi³ka no¿na | Liga Mistrzow | Real M. - Liverpool
WARNING:root:Nieznany zaklad: zwyciestwo
INFO:root:Nieznana nazwa: Liga Narodow UEFA
INFO:root:Nieznana nazwa: Liga Narodow UEFA
INFO:root:Nieznana nazwa: Liga Narodow UEFA
INFO:root:Nieznana nazwa: Liga Narodow UEFA
INFO:root:Nieznana nazwa: Rosja
INFO:root:Nieznana nazwa: Liga Narodow UEFA
INFO:root:Nieznana nazwa: Irlandia P³n.
INFO:root:Nieznana nazwa: Boœnia i Herc.
INFO:root:Nieznana nazwa: Liga Narodow UEFA
INFO:root:Nieznana nazwa: Liga Narodow UEFA
INFO:root:Nieznana nazwa: Liga Narodow UEFA
