INFO:root:Nieznana nazwa: Oud Heverlee
WARNING:root:ERROR dla: https://www.sts.pl/pl/oferta/zaklady-bukmacherskie/zaklady-sportowe/?action=offer&sport=184&region=6507&league=4013&oppty=115020651
INFO:root:Nieznana nazwa: 1 liga Belgia
INFO:root:Nieznana nazwa: 1 liga Belgia
INFO:root:Nieznana nazwa: 1 liga Belgia
INFO:root:Nieznana nazwa: St. Truiden
WARNING:root:ERROR dla: https://www.sts.pl/pl/oferta/zaklady-bukmacherskie/zaklady-sportowe/?action=offer&sport=184&region=6507&league=4013&oppty=115213434
INFO:root:Nieznana nazwa: Beerschot Wilrijk
WARNING:root:ERROR dla: https://www.sts.pl/pl/oferta/zaklady-bukmacherskie/zaklady-sportowe/?action=offer&sport=184&region=6507&league=4013&oppty=115213435
INFO:root:Nieznana nazwa: Antwerpia
WARNING:root:ERROR dla: https://www.sts.pl/pl/oferta/zaklady-bukmacherskie/zaklady-sportowe/?action=offer&sport=184&region=6507&league=4013&oppty=115213436
INFO:root:Nieznana nazwa: 1 liga Belgia
INFO:root:Nieznana nazwa: 1 liga Belgia
INFO:root:Nieznana nazwa: 1 liga Belgia
INFO:root:Nieznana nazwa: 1 liga Belgia
INFO:root:Nieznana nazwa: 1 liga Belgia
INFO:root:Nieznana nazwa: 1 liga Belgia
INFO:root:Nieznana nazwa: 1 liga Belgia
INFO:root:Nieznana nazwa: 1 liga Belgia
INFO:root:Nieznana nazwa: 1 liga Belgia
INFO:root:Nieznana nazwa: Sturm
WARNING:root:ERROR dla: https://www.sts.pl/pl/oferta/zaklady-bukmacherskie/zaklady-sportowe/?action=offer&sport=184&region=6534&league=4243&oppty=93576976
INFO:root:Nieznana nazwa: St. Polten
INFO:root:Nieznana nazwa: Aus. Wiedeñ
WARNING:root:ERROR dla: https://www.sts.pl/pl/oferta/zaklady-bukmacherskie/zaklady-sportowe/?action=offer&sport=184&region=6534&league=4243&oppty=93576978
INFO:root:Nieznana nazwa: Wolfsberger
WARNING:root:ERROR dla: https://www.sts.pl/pl/oferta/zaklady-bukmacherskie/zaklady-sportowe/?action=offer&sport=184&region=6534&league=4243&oppty=93576979
INFO:root:Nieznana nazwa: FC Emmen
WARNING:root:ERROR dla: https://www.sts.pl/pl/oferta/zaklady-bukmacherskie/zaklady-sportowe/?action=offer&sport=184&region=6490&league=4032&oppty=119965547
INFO:root:Nieznana nazwa: Almere City FC
INFO:root:Nieznana nazwa: Graafschap
WARNING:root:ERROR dla: https://www.sts.pl/pl/oferta/zaklady-bukmacherskie/zaklady-sportowe/?action=offer&sport=184&region=6490&league=4032&oppty=119966514
WARNING:root:Wolfsburg - Kiel
WARNING:root:Nieznany zaklad: awans
INFO:root:Nieznana nazwa: FK Jenisej Krasnojarsk
WARNING:root:ERROR dla: https://www.sts.pl/pl/oferta/zaklady-bukmacherskie/zaklady-sportowe/?action=offer&sport=184&region=6493&league=4000&oppty=120061384
INFO:root:Nieznana nazwa: FK Tambow
WARNING:root:ERROR dla: https://www.sts.pl/pl/oferta/zaklady-bukmacherskie/zaklady-sportowe/?action=offer&sport=184&region=6493&league=4000&oppty=120061387
INFO:root:Nieznana nazwa: Karlsruher
WARNING:root:ERROR dla: https://www.sts.pl/pl/oferta/zaklady-bukmacherskie/zaklady-sportowe/?action=offer&sport=184&region=6482&league=3954&oppty=119930898
INFO:root:Nieznana nazwa: Ceara CE
WARNING:root:ERROR dla: https://www.sts.pl/pl/oferta/zaklady-bukmacherskie/zaklady-sportowe/?action=offer&sport=184&region=6563&league=4121&oppty=111254992
INFO:root:Nieznana nazwa: America Mineiro
WARNING:root:ERROR dla: https://www.sts.pl/pl/oferta/zaklady-bukmacherskie/zaklady-sportowe/?action=offer&sport=184&region=6563&league=4121&oppty=111254988
INFO:root:Nieznana nazwa: Parana Clube PR
WARNING:root:ERROR dla: https://www.sts.pl/pl/oferta/zaklady-bukmacherskie/zaklady-sportowe/?action=offer&sport=184&region=6563&league=4121&oppty=111254994
INFO:root:Nieznana nazwa: Internacional
WARNING:root:ERROR dla: https://www.sts.pl/pl/oferta/zaklady-bukmacherskie/zaklady-sportowe/?action=offer&sport=184&region=6563&league=4121&oppty=111684551
INFO:root:Nieznana nazwa: D.U. La Calera
WARNING:root:ERROR dla: https://www.sts.pl/pl/oferta/zaklady-bukmacherskie/zaklady-sportowe/?action=offer&sport=184&region=6481&league=3879&oppty=115213438
INFO:root:Nieznana nazwa: Livingston FC
WARNING:root:ERROR dla: https://www.sts.pl/pl/oferta/zaklady-bukmacherskie/zaklady-sportowe/?action=offer&sport=184&region=6508&league=3996&oppty=119748557
INFO:root:Nieznana nazwa: Brommapojkarna
WARNING:root:ERROR dla: https://www.sts.pl/pl/oferta/zaklady-bukmacherskie/zaklady-sportowe/?action=offer&sport=184&region=6489&league=5641&oppty=115006544
INFO:root:Nieznana nazwa: Trelleborgs
WARNING:root:ERROR dla: https://www.sts.pl/pl/oferta/zaklady-bukmacherskie/zaklady-sportowe/?action=offer&sport=184&region=6489&league=5641&oppty=115180374
INFO:root:Nieznana nazwa: Dalkurd
WARNING:root:ERROR dla: https://www.sts.pl/pl/oferta/zaklady-bukmacherskie/zaklady-sportowe/?action=offer&sport=184&region=6489&league=5641&oppty=115196322
INFO:root:Nieznana nazwa: Tychy
WARNING:root:ERROR dla: https://www.sts.pl/pl/oferta/zaklady-bukmacherskie/zaklady-sportowe/?action=offer&sport=184&region=6502&league=4264&oppty=115196331
INFO:root:Nieznana nazwa: Oud Heverlee
WARNING:root:ERROR dla: https://www.sts.pl/pl/oferta/zaklady-bukmacherskie/zaklady-sportowe/?action=offer&sport=184&region=6507&league=4013&oppty=115020651
INFO:root:Nieznana nazwa: 1 liga Belgia
INFO:root:Nieznana nazwa: 1 liga Belgia
INFO:root:Nieznana nazwa: 1 liga Belgia
INFO:root:Nieznana nazwa: St. Truiden
WARNING:root:ERROR dla: https://www.sts.pl/pl/oferta/zaklady-bukmacherskie/zaklady-sportowe/?action=offer&sport=184&region=6507&league=4013&oppty=115213434
INFO:root:Nieznana nazwa: Beerschot Wilrijk
WARNING:root:ERROR dla: https://www.sts.pl/pl/oferta/zaklady-bukmacherskie/zaklady-sportowe/?action=offer&sport=184&region=6507&league=4013&oppty=115213435
INFO:root:Nieznana nazwa: Antwerpia
WARNING:root:ERROR dla: https://www.sts.pl/pl/oferta/zaklady-bukmacherskie/zaklady-sportowe/?action=offer&sport=184&region=6507&league=4013&oppty=115213436
INFO:root:Nieznana nazwa: 1 liga Belgia
INFO:root:Nieznana nazwa: 1 liga Belgia
INFO:root:Nieznana nazwa: 1 liga Belgia
INFO:root:Nieznana nazwa: 1 liga Belgia
INFO:root:Nieznana nazwa: 1 liga Belgia
INFO:root:Nieznana nazwa: 1 liga Belgia
INFO:root:Nieznana nazwa: 1 liga Belgia
INFO:root:Nieznana nazwa: 1 liga Belgia
INFO:root:Nieznana nazwa: 1 liga Belgia
INFO:root:Nieznana nazwa: Sturm
WARNING:root:ERROR dla: https://www.sts.pl/pl/oferta/zaklady-bukmacherskie/zaklady-sportowe/?action=offer&sport=184&region=6534&league=4243&oppty=93576976
INFO:root:Nieznana nazwa: St. Polten
INFO:root:Nieznana nazwa: Aus. Wiedeñ
WARNING:root:ERROR dla: https://www.sts.pl/pl/oferta/zaklady-bukmacherskie/zaklady-sportowe/?action=offer&sport=184&region=6534&league=4243&oppty=93576978
INFO:root:Nieznana nazwa: Wolfsberger
WARNING:root:ERROR dla: https://www.sts.pl/pl/oferta/zaklady-bukmacherskie/zaklady-sportowe/?action=offer&sport=184&region=6534&league=4243&oppty=93576979
INFO:root:Nieznana nazwa: Ajaccio
WARNING:root:ERROR dla: https://www.sts.pl/pl/oferta/zaklady-bukmacherskie/zaklady-sportowe/?action=offer&sport=184&region=6535&league=3994&oppty=120338286
WARNING:root:Utrecht  Vitesse Arnhem
WARNING:root:Nieznany zaklad: sposób awansu
INFO:root:Nieznana nazwa: FC Emmen
WARNING:root:ERROR dla: https://www.sts.pl/pl/oferta/zaklady-bukmacherskie/zaklady-sportowe/?action=offer&sport=184&region=6490&league=4032&oppty=119965550
INFO:root:Nieznana nazwa: Graafschap
INFO:root:Nieznana nazwa: Almere City FC
WARNING:root:ERROR dla: https://www.sts.pl/pl/oferta/zaklady-bukmacherskie/zaklady-sportowe/?action=offer&sport=184&region=6490&league=4032&oppty=119966513
WARNING:root:Kiel  Wolfsburg
WARNING:root:Nieznany zaklad: sposób awansu
WARNING:root:Kiel - Wolfsburg
WARNING:root:Nieznany zaklad: awans
INFO:root:Nieznana nazwa: FK Tambow
WARNING:root:ERROR dla: https://www.sts.pl/pl/oferta/zaklady-bukmacherskie/zaklady-sportowe/?action=offer&sport=184&region=6493&league=4000&oppty=120061385
INFO:root:Nieznana nazwa: FK Jenisej Krasnojarsk
WARNING:root:ERROR dla: https://www.sts.pl/pl/oferta/zaklady-bukmacherskie/zaklady-sportowe/?action=offer&sport=184&region=6493&league=4000&oppty=120061386
INFO:root:Nieznana nazwa: Karlsruher
WARNING:root:ERROR dla: https://www.sts.pl/pl/oferta/zaklady-bukmacherskie/zaklady-sportowe/?action=offer&sport=184&region=6482&league=3954&oppty=119930898
INFO:root:Nieznana nazwa: FC Torpedo-Maz Miñsk
INFO:root:Nieznana nazwa: Wigwam Smolevichy
WARNING:root:ERROR dla: https://www.sts.pl/pl/oferta/zaklady-bukmacherskie/zaklady-sportowe/?action=offer&sport=184&region=6500&league=4218&oppty=115377423
INFO:root:Nieznana nazwa: Luch Miñsk
WARNING:root:ERROR dla: https://www.sts.pl/pl/oferta/zaklady-bukmacherskie/zaklady-sportowe/?action=offer&sport=184&region=6500&league=4218&oppty=115776385
WARNING:root:Fulham - Aston Villa
WARNING:root:Nieznany zaklad: zwyciêzca
INFO:root:Nieznana nazwa: Ceara CE
WARNING:root:ERROR dla: https://www.sts.pl/pl/oferta/zaklady-bukmacherskie/zaklady-sportowe/?action=offer&sport=184&region=6563&league=4121&oppty=111254992
INFO:root:Nieznana nazwa: America Mineiro
WARNING:root:ERROR dla: https://www.sts.pl/pl/oferta/zaklady-bukmacherskie/zaklady-sportowe/?action=offer&sport=184&region=6563&league=4121&oppty=111254988
INFO:root:Nieznana nazwa: Parana Clube PR
WARNING:root:ERROR dla: https://www.sts.pl/pl/oferta/zaklady-bukmacherskie/zaklady-sportowe/?action=offer&sport=184&region=6563&league=4121&oppty=111254994
INFO:root:Nieznana nazwa: Internacional
WARNING:root:ERROR dla: https://www.sts.pl/pl/oferta/zaklady-bukmacherskie/zaklady-sportowe/?action=offer&sport=184&region=6563&league=4121&oppty=111684551
INFO:root:Nieznana nazwa: D.U. La Calera
WARNING:root:ERROR dla: https://www.sts.pl/pl/oferta/zaklady-bukmacherskie/zaklady-sportowe/?action=offer&sport=184&region=6481&league=3879&oppty=115213438
INFO:root:Nieznana nazwa: Livingston FC
WARNING:root:ERROR dla: https://www.sts.pl/pl/oferta/zaklady-bukmacherskie/zaklady-sportowe/?action=offer&sport=184&region=6508&league=3996&oppty=119748558
INFO:root:Nieznana nazwa: Brommapojkarna
WARNING:root:ERROR dla: https://www.sts.pl/pl/oferta/zaklady-bukmacherskie/zaklady-sportowe/?action=offer&sport=184&region=6489&league=5641&oppty=115006544
INFO:root:Nieznana nazwa: Trelleborgs
WARNING:root:ERROR dla: https://www.sts.pl/pl/oferta/zaklady-bukmacherskie/zaklady-sportowe/?action=offer&sport=184&region=6489&league=5641&oppty=115180374
INFO:root:Nieznana nazwa: Dalkurd
WARNING:root:ERROR dla: https://www.sts.pl/pl/oferta/zaklady-bukmacherskie/zaklady-sportowe/?action=offer&sport=184&region=6489&league=5641&oppty=115196322
INFO:root:Nieznana nazwa: Cardiff Met
WARNING:root:ERROR dla: https://www.sts.pl/pl/oferta/zaklady-bukmacherskie/zaklady-sportowe/?action=offer&sport=184&region=6542&league=4088&oppty=119763184
INFO:root:Nieznana nazwa: Grenoble Foot
WARNING:root:ERROR dla: https://www.sts.pl/pl/oferta/zaklady-bukmacherskie/zaklady-sportowe/?action=offer&sport=184&region=6535&league=4015&oppty=119698076
INFO:root:Nieznana nazwa: Tychy
WARNING:root:ERROR dla: https://www.sts.pl/pl/oferta/zaklady-bukmacherskie/zaklady-sportowe/?action=offer&sport=184&region=6502&league=4264&oppty=115196331
